[ 2017-09-01T11:16:48+08:00 ] 127.0.0.1 /
INFO: [ app_begin ] --START--
INFO: Run Behavior\ReadHtmlCacheBehavior [ RunTime:0.000000s ]
INFO: [ app_begin ] --END-- [ RunTime:0.000000s ]
ERR: 1064:You have an error in your SQL syntax; check the manual that corresponds to your MariaDB server version for the right syntax to use near ') LIMIT 1' at line 1
 [ SQL语句 ] : SELECT `adpower` FROM `jieqi_distribution_channels` WHERE ( channelid =  ) LIMIT 1  
NOTIC: [2] include(C:\\mobilebook\\adswitch.php): failed to open stream: No such file or directory D:\xampp\htdocs\bookchannel\Application\Admin\Controller\BaseController.class.php 第 67 行.
NOTIC: [2] include(): Failed opening 'C:\\mobilebook\\adswitch.php' for inclusion (include_path='D:\xampp\php\PEAR') D:\xampp\htdocs\bookchannel\Application\Admin\Controller\BaseController.class.php 第 67 行.
ERR: 1146:Table 'acool.jieqi_config' doesn't exist
 [ SQL语句 ] : SHOW COLUMNS FROM `jieqi_config`
ERR: 1146:Table 'acool.jieqi_config' doesn't exist
 [ SQL语句 ] : SELECT * FROM `jieqi_config` 
NOTIC: [2] Invalid argument supplied for foreach() D:\xampp\htdocs\bookchannel\Application\Admin\Controller\BaseController.class.php 第 81 行.
NOTIC: [8] Undefined index: index D:\xampp\htdocs\bookchannel\Application\Admin\Common\function.php 第 78 行.
NOTIC: [8] Undefined index: index D:\xampp\htdocs\bookchannel\Application\Admin\Common\function.php 第 79 行.
INFO: [ view_parse ] --START--
INFO: [ template_filter ] --START--
INFO: Run Behavior\ContentReplaceBehavior [ RunTime:0.010000s ]
INFO: [ template_filter ] --END-- [ RunTime:0.010000s ]
NOTIC: [8] Undefined variable: ischannel D:\xampp\htdocs\bookchannel\Runtime\Cache\Admin\b595b808c2ebeeeb0478ffc30bb4e87a.php 第 80 行.
INFO: Run Behavior\ParseTemplateBehavior [ RunTime:0.050000s ]
INFO: [ view_parse ] --END-- [ RunTime:0.050000s ]
INFO: [ view_filter ] --START--
INFO: Run Behavior\WriteHtmlCacheBehavior [ RunTime:0.000000s ]
INFO: [ view_filter ] --END-- [ RunTime:0.000000s ]
INFO: [ app_end ] --START--
INFO: Run Behavior\ShowPageTraceBehavior [ RunTime:0.000000s ]
INFO: [ app_end ] --END-- [ RunTime:0.000000s ]

[ 2017-09-01T11:16:52+08:00 ] 127.0.0.1 /index.php?s=/Index/welcome.html
INFO: [ app_begin ] --START--
INFO: Run Behavior\ReadHtmlCacheBehavior [ RunTime:0.000000s ]
INFO: [ app_begin ] --END-- [ RunTime:0.000000s ]
ERR: 1064:You have an error in your SQL syntax; check the manual that corresponds to your MariaDB server version for the right syntax to use near ') LIMIT 1' at line 1
 [ SQL语句 ] : SELECT `adpower` FROM `jieqi_distribution_channels` WHERE ( channelid =  ) LIMIT 1  
NOTIC: [2] include(C:\\mobilebook\\adswitch.php): failed to open stream: No such file or directory D:\xampp\htdocs\bookchannel\Application\Admin\Controller\BaseController.class.php 第 67 行.
NOTIC: [2] include(): Failed opening 'C:\\mobilebook\\adswitch.php' for inclusion (include_path='D:\xampp\php\PEAR') D:\xampp\htdocs\bookchannel\Application\Admin\Controller\BaseController.class.php 第 67 行.
ERR: 1146:Table 'acool.jieqi_config' doesn't exist
 [ SQL语句 ] : SHOW COLUMNS FROM `jieqi_config`
ERR: 1146:Table 'acool.jieqi_config' doesn't exist
 [ SQL语句 ] : SELECT * FROM `jieqi_config` 
NOTIC: [2] Invalid argument supplied for foreach() D:\xampp\htdocs\bookchannel\Application\Admin\Controller\BaseController.class.php 第 81 行.
NOTIC: [8] Undefined index: index D:\xampp\htdocs\bookchannel\Application\Admin\Common\function.php 第 78 行.
NOTIC: [8] Undefined index: index D:\xampp\htdocs\bookchannel\Application\Admin\Common\function.php 第 79 行.
NOTIC: [2] Invalid argument supplied for foreach() D:\xampp\htdocs\bookchannel\ThinkPHP\Library\Think\Db\Driver.class.php 第 546 行.
NOTIC: [2] Invalid argument supplied for foreach() D:\xampp\htdocs\bookchannel\ThinkPHP\Library\Think\Db\Driver.class.php 第 546 行.
NOTIC: [8] Undefined variable: parameter D:\xampp\htdocs\bookchannel\Application\Admin\Model\PayModel.class.php 第 16 行.
NOTIC: [2] Missing argument 1 for Admin\Model\UserModel::getDayUserInfo(), called in D:\xampp\htdocs\bookchannel\Application\Admin\Controller\IndexController.class.php on line 88 and defined D:\xampp\htdocs\bookchannel\Application\Admin\Model\UserModel.class.php 第 410 行.
NOTIC: [8] Undefined variable: channelid D:\xampp\htdocs\bookchannel\Application\Admin\Model\UserModel.class.php 第 414 行.
NOTIC: [8] Undefined variable: channelidArr D:\xampp\htdocs\bookchannel\Application\Admin\Model\ChannelModel.class.php 第 638 行.
NOTIC: [8] Undefined variable: channelid D:\xampp\htdocs\bookchannel\Application\Admin\Model\UserModel.class.php 第 415 行.
NOTIC: [8] Undefined variable: channelidArr D:\xampp\htdocs\bookchannel\Application\Admin\Model\ChannelModel.class.php 第 638 行.
NOTIC: [8] Undefined variable: channelid D:\xampp\htdocs\bookchannel\Application\Admin\Model\UserModel.class.php 第 416 行.
NOTIC: [8] Undefined variable: channelidArr D:\xampp\htdocs\bookchannel\Application\Admin\Model\ChannelModel.class.php 第 638 行.
NOTIC: [8] Undefined variable: channelid D:\xampp\htdocs\bookchannel\Application\Admin\Model\UserModel.class.php 第 417 行.
NOTIC: [8] Undefined variable: channelidArr D:\xampp\htdocs\bookchannel\Application\Admin\Model\ChannelModel.class.php 第 638 行.
NOTIC: [8] Undefined variable: channelid D:\xampp\htdocs\bookchannel\Application\Admin\Model\UserModel.class.php 第 418 行.
NOTIC: [8] Undefined variable: channelidArr D:\xampp\htdocs\bookchannel\Application\Admin\Model\ChannelModel.class.php 第 638 行.
NOTIC: [8] Undefined variable: channelid D:\xampp\htdocs\bookchannel\Application\Admin\Model\UserModel.class.php 第 419 行.
NOTIC: [8] Undefined variable: channelidArr D:\xampp\htdocs\bookchannel\Application\Admin\Model\ChannelModel.class.php 第 638 行.
ERR: 1064:You have an error in your SQL syntax; check the manual that corresponds to your MariaDB server version for the right syntax to use near ') AND `payflag` = 1 GROUP BY buyid' at line 1
 [ SQL语句 ] : SELECT `buyid` FROM `jieqi_distribution_pay_paylog` WHERE `buyid` IN () AND `payflag` = 1 GROUP BY buyid 
NOTIC: [2] Missing argument 1 for Admin\Model\UserModel::getUserInfo(), called in D:\xampp\htdocs\bookchannel\Application\Admin\Controller\IndexController.class.php on line 96 and defined D:\xampp\htdocs\bookchannel\Application\Admin\Model\UserModel.class.php 第 430 行.
NOTIC: [8] Undefined variable: channelid D:\xampp\htdocs\bookchannel\Application\Admin\Model\UserModel.class.php 第 434 行.
NOTIC: [8] Undefined variable: channelidArr D:\xampp\htdocs\bookchannel\Application\Admin\Model\ChannelModel.class.php 第 638 行.
NOTIC: [8] Undefined variable: channelidArr D:\xampp\htdocs\bookchannel\Application\Admin\Model\ChannelModel.class.php 第 638 行.
NOTIC: [8] Undefined variable: channelidArr D:\xampp\htdocs\bookchannel\Application\Admin\Model\ChannelModel.class.php 第 638 行.
NOTIC: [8] Undefined variable: channelidArr D:\xampp\htdocs\bookchannel\Application\Admin\Model\ChannelModel.class.php 第 638 行.
NOTIC: [8] Undefined variable: channelidArr D:\xampp\htdocs\bookchannel\Application\Admin\Model\ChannelModel.class.php 第 638 行.
NOTIC: [8] Undefined variable: channelidArr D:\xampp\htdocs\bookchannel\Application\Admin\Model\ChannelModel.class.php 第 638 行.
ERR: 1064:You have an error in your SQL syntax; check the manual that corresponds to your MariaDB server version for the right syntax to use near ') AND `payflag` = 1 GROUP BY buyid' at line 1
 [ SQL语句 ] : SELECT `buyid` FROM `jieqi_distribution_pay_paylog` WHERE `buyid` IN () AND `payflag` = 1 GROUP BY buyid 
NOTIC: [8] Undefined variable: channelid D:\xampp\htdocs\bookchannel\Application\Admin\Model\UserModel.class.php 第 436 行.
NOTIC: [8] Undefined variable: channelidArr D:\xampp\htdocs\bookchannel\Application\Admin\Model\ChannelModel.class.php 第 638 行.
NOTIC: [8] Undefined variable: channelid D:\xampp\htdocs\bookchannel\Application\Admin\Model\UserModel.class.php 第 438 行.
NOTIC: [8] Undefined variable: channelidArr D:\xampp\htdocs\bookchannel\Application\Admin\Model\ChannelModel.class.php 第 638 行.
NOTIC: [8] Undefined variable: channelid D:\xampp\htdocs\bookchannel\Application\Admin\Model\UserModel.class.php 第 440 行.
NOTIC: [8] Undefined variable: channelidArr D:\xampp\htdocs\bookchannel\Application\Admin\Model\ChannelModel.class.php 第 638 行.
NOTIC: [8] Undefined variable: channelid D:\xampp\htdocs\bookchannel\Application\Admin\Model\UserModel.class.php 第 442 行.
NOTIC: [8] Undefined variable: channelidArr D:\xampp\htdocs\bookchannel\Application\Admin\Model\ChannelModel.class.php 第 638 行.
NOTIC: [8] Undefined variable: channelid D:\xampp\htdocs\bookchannel\Application\Admin\Model\UserModel.class.php 第 444 行.
NOTIC: [8] Undefined variable: channelidArr D:\xampp\htdocs\bookchannel\Application\Admin\Model\ChannelModel.class.php 第 638 行.
NOTIC: [8] Undefined variable: channelid D:\xampp\htdocs\bookchannel\Application\Admin\Model\UserModel.class.php 第 446 行.
NOTIC: [8] Undefined variable: channelidArr D:\xampp\htdocs\bookchannel\Application\Admin\Model\ChannelModel.class.php 第 638 行.
NOTIC: [8] Undefined variable: channelid D:\xampp\htdocs\bookchannel\Application\Admin\Model\UserModel.class.php 第 449 行.
NOTIC: [8] Undefined variable: channelidArr D:\xampp\htdocs\bookchannel\Application\Admin\Model\ChannelModel.class.php 第 638 行.
NOTIC: [8] Undefined variable: channelid D:\xampp\htdocs\bookchannel\Application\Admin\Model\UserModel.class.php 第 451 行.
NOTIC: [8] Undefined variable: channelidArr D:\xampp\htdocs\bookchannel\Application\Admin\Model\ChannelModel.class.php 第 638 行.
NOTIC: [8] Undefined variable: channelid D:\xampp\htdocs\bookchannel\Application\Admin\Model\UserModel.class.php 第 453 行.
NOTIC: [8] Undefined variable: channelidArr D:\xampp\htdocs\bookchannel\Application\Admin\Model\ChannelModel.class.php 第 638 行.
NOTIC: [8] Undefined variable: channelid D:\xampp\htdocs\bookchannel\Application\Admin\Model\UserModel.class.php 第 455 行.
NOTIC: [8] Undefined variable: channelidArr D:\xampp\htdocs\bookchannel\Application\Admin\Model\ChannelModel.class.php 第 638 行.
NOTIC: [8] Undefined variable: channelid D:\xampp\htdocs\bookchannel\Application\Admin\Model\UserModel.class.php 第 457 行.
NOTIC: [8] Undefined variable: channelidArr D:\xampp\htdocs\bookchannel\Application\Admin\Model\ChannelModel.class.php 第 638 行.
NOTIC: [8] Undefined variable: channelid D:\xampp\htdocs\bookchannel\Application\Admin\Model\UserModel.class.php 第 459 行.
NOTIC: [8] Undefined variable: channelidArr D:\xampp\htdocs\bookchannel\Application\Admin\Model\ChannelModel.class.php 第 638 行.
ERR: 1064:You have an error in your SQL syntax; check the manual that corresponds to your MariaDB server version for the right syntax to use near ') AND `payflag` = 1 GROUP BY buyid' at line 1
 [ SQL语句 ] : SELECT `buyid` FROM `jieqi_distribution_pay_paylog` WHERE `buyid` IN () AND `payflag` = 1 GROUP BY buyid 
NOTIC: [8] Undefined variable: channelid D:\xampp\htdocs\bookchannel\Application\Admin\Model\UserModel.class.php 第 462 行.
NOTIC: [8] Undefined variable: channelidArr D:\xampp\htdocs\bookchannel\Application\Admin\Model\ChannelModel.class.php 第 638 行.
NOTIC: [8] Undefined variable: channelid D:\xampp\htdocs\bookchannel\Application\Admin\Model\UserModel.class.php 第 463 行.
NOTIC: [8] Undefined variable: channelidArr D:\xampp\htdocs\bookchannel\Application\Admin\Model\ChannelModel.class.php 第 638 行.
NOTIC: [8] Undefined variable: channelid D:\xampp\htdocs\bookchannel\Application\Admin\Model\UserModel.class.php 第 464 行.
NOTIC: [8] Undefined variable: channelidArr D:\xampp\htdocs\bookchannel\Application\Admin\Model\ChannelModel.class.php 第 638 行.
NOTIC: [8] Undefined variable: channelid D:\xampp\htdocs\bookchannel\Application\Admin\Model\UserModel.class.php 第 465 行.
NOTIC: [8] Undefined variable: channelidArr D:\xampp\htdocs\bookchannel\Application\Admin\Model\ChannelModel.class.php 第 638 行.
NOTIC: [8] Undefined variable: channelid D:\xampp\htdocs\bookchannel\Application\Admin\Model\UserModel.class.php 第 466 行.
NOTIC: [8] Undefined variable: channelidArr D:\xampp\htdocs\bookchannel\Application\Admin\Model\ChannelModel.class.php 第 638 行.
NOTIC: [8] Undefined variable: channelid D:\xampp\htdocs\bookchannel\Application\Admin\Model\UserModel.class.php 第 467 行.
NOTIC: [8] Undefined variable: channelidArr D:\xampp\htdocs\bookchannel\Application\Admin\Model\ChannelModel.class.php 第 638 行.
ERR: 1064:You have an error in your SQL syntax; check the manual that corresponds to your MariaDB server version for the right syntax to use near ') AND `payflag` = 1 GROUP BY buyid' at line 1
 [ SQL语句 ] : SELECT `buyid` FROM `jieqi_distribution_pay_paylog` WHERE `buyid` IN () AND `payflag` = 1 GROUP BY buyid 
NOTIC: [8] Undefined variable: channelid D:\xampp\htdocs\bookchannel\Application\Admin\Model\UserModel.class.php 第 477 行.
NOTIC: [2] Missing argument 1 for Admin\Model\PayModel::dayPayInfo(), called in D:\xampp\htdocs\bookchannel\Application\Admin\Controller\IndexController.class.php on line 102 and defined D:\xampp\htdocs\bookchannel\Application\Admin\Model\PayModel.class.php 第 478 行.
NOTIC: [8] Undefined variable: channelid D:\xampp\htdocs\bookchannel\Application\Admin\Model\PayModel.class.php 第 482 行.
NOTIC: [8] Undefined variable: channelidArr D:\xampp\htdocs\bookchannel\Application\Admin\Model\ChannelModel.class.php 第 638 行.
NOTIC: [8] Undefined variable: channelid D:\xampp\htdocs\bookchannel\Application\Admin\Model\PayModel.class.php 第 486 行.
NOTIC: [8] Undefined variable: channelidArr D:\xampp\htdocs\bookchannel\Application\Admin\Model\ChannelModel.class.php 第 638 行.
NOTIC: [8] Undefined variable: channelid D:\xampp\htdocs\bookchannel\Application\Admin\Model\PayModel.class.php 第 490 行.
NOTIC: [8] Undefined variable: channelidArr D:\xampp\htdocs\bookchannel\Application\Admin\Model\ChannelModel.class.php 第 638 行.
NOTIC: [8] Undefined variable: channelid D:\xampp\htdocs\bookchannel\Application\Admin\Model\PayModel.class.php 第 494 行.
NOTIC: [8] Undefined variable: channelidArr D:\xampp\htdocs\bookchannel\Application\Admin\Model\ChannelModel.class.php 第 638 行.
NOTIC: [8] Undefined variable: channelid D:\xampp\htdocs\bookchannel\Application\Admin\Model\PayModel.class.php 第 497 行.
NOTIC: [8] Undefined variable: channelidArr D:\xampp\htdocs\bookchannel\Application\Admin\Model\ChannelModel.class.php 第 638 行.
NOTIC: [2] Missing argument 1 for Admin\Model\PayModel::sumPayInfo(), called in D:\xampp\htdocs\bookchannel\Application\Admin\Controller\IndexController.class.php on line 111 and defined D:\xampp\htdocs\bookchannel\Application\Admin\Model\PayModel.class.php 第 510 行.
NOTIC: [8] Undefined variable: channelid D:\xampp\htdocs\bookchannel\Application\Admin\Model\PayModel.class.php 第 514 行.
NOTIC: [8] Undefined variable: channelidArr D:\xampp\htdocs\bookchannel\Application\Admin\Model\ChannelModel.class.php 第 638 行.
NOTIC: [8] Undefined variable: channelidArr D:\xampp\htdocs\bookchannel\Application\Admin\Model\ChannelModel.class.php 第 638 行.
NOTIC: [8] Undefined variable: channelidArr D:\xampp\htdocs\bookchannel\Application\Admin\Model\ChannelModel.class.php 第 638 行.
NOTIC: [8] Undefined variable: channelidArr D:\xampp\htdocs\bookchannel\Application\Admin\Model\ChannelModel.class.php 第 638 行.
NOTIC: [8] Undefined variable: channelidArr D:\xampp\htdocs\bookchannel\Application\Admin\Model\ChannelModel.class.php 第 638 行.
NOTIC: [8] Undefined variable: channelid D:\xampp\htdocs\bookchannel\Application\Admin\Model\PayModel.class.php 第 516 行.
NOTIC: [8] Undefined variable: channelidArr D:\xampp\htdocs\bookchannel\Application\Admin\Model\ChannelModel.class.php 第 638 行.
NOTIC: [8] Undefined variable: channelid D:\xampp\htdocs\bookchannel\Application\Admin\Model\PayModel.class.php 第 520 行.
NOTIC: [8] Undefined variable: channelidArr D:\xampp\htdocs\bookchannel\Application\Admin\Model\ChannelModel.class.php 第 638 行.
NOTIC: [8] Undefined variable: channelid D:\xampp\htdocs\bookchannel\Application\Admin\Model\PayModel.class.php 第 524 行.
NOTIC: [8] Undefined variable: channelidArr D:\xampp\htdocs\bookchannel\Application\Admin\Model\ChannelModel.class.php 第 638 行.
NOTIC: [8] Undefined variable: channelid D:\xampp\htdocs\bookchannel\Application\Admin\Model\PayModel.class.php 第 532 行.
NOTIC: [8] Undefined variable: channelidArr D:\xampp\htdocs\bookchannel\Application\Admin\Model\ChannelModel.class.php 第 638 行.
NOTIC: [8] Undefined variable: channelid D:\xampp\htdocs\bookchannel\Application\Admin\Model\PayModel.class.php 第 536 行.
NOTIC: [8] Undefined variable: channelidArr D:\xampp\htdocs\bookchannel\Application\Admin\Model\ChannelModel.class.php 第 638 行.
NOTIC: [8] Undefined variable: channelid D:\xampp\htdocs\bookchannel\Application\Admin\Model\PayModel.class.php 第 540 行.
NOTIC: [8] Undefined variable: channelidArr D:\xampp\htdocs\bookchannel\Application\Admin\Model\ChannelModel.class.php 第 638 行.
NOTIC: [8] Undefined variable: channelid D:\xampp\htdocs\bookchannel\Application\Admin\Model\PayModel.class.php 第 548 行.
NOTIC: [8] Undefined variable: channelidArr D:\xampp\htdocs\bookchannel\Application\Admin\Model\ChannelModel.class.php 第 638 行.
NOTIC: [8] Undefined variable: channelid D:\xampp\htdocs\bookchannel\Application\Admin\Model\PayModel.class.php 第 552 行.
NOTIC: [8] Undefined variable: channelidArr D:\xampp\htdocs\bookchannel\Application\Admin\Model\ChannelModel.class.php 第 638 行.
NOTIC: [8] Undefined variable: channelid D:\xampp\htdocs\bookchannel\Application\Admin\Model\PayModel.class.php 第 556 行.
NOTIC: [8] Undefined variable: channelidArr D:\xampp\htdocs\bookchannel\Application\Admin\Model\ChannelModel.class.php 第 638 行.
NOTIC: [8] Undefined variable: channelid D:\xampp\htdocs\bookchannel\Application\Admin\Model\PayModel.class.php 第 564 行.
NOTIC: [8] Undefined variable: channelidArr D:\xampp\htdocs\bookchannel\Application\Admin\Model\ChannelModel.class.php 第 638 行.
NOTIC: [8] Undefined variable: channelid D:\xampp\htdocs\bookchannel\Application\Admin\Model\PayModel.class.php 第 567 行.
NOTIC: [8] Undefined variable: channelidArr D:\xampp\htdocs\bookchannel\Application\Admin\Model\ChannelModel.class.php 第 638 行.
NOTIC: [8] Undefined variable: channelid D:\xampp\htdocs\bookchannel\Application\Admin\Model\PayModel.class.php 第 570 行.
NOTIC: [8] Undefined variable: channelidArr D:\xampp\htdocs\bookchannel\Application\Admin\Model\ChannelModel.class.php 第 638 行.
NOTIC: [8] Undefined variable: channelid D:\xampp\htdocs\bookchannel\Application\Admin\Model\PayModel.class.php 第 576 行.
NOTIC: [8] Undefined variable: channelidArr D:\xampp\htdocs\bookchannel\Application\Admin\Model\ChannelModel.class.php 第 638 行.
NOTIC: [8] Undefined variable: channelid D:\xampp\htdocs\bookchannel\Application\Admin\Model\PayModel.class.php 第 579 行.
NOTIC: [8] Undefined variable: channelidArr D:\xampp\htdocs\bookchannel\Application\Admin\Model\ChannelModel.class.php 第 638 行.
NOTIC: [8] Undefined variable: channelid D:\xampp\htdocs\bookchannel\Application\Admin\Model\PayModel.class.php 第 582 行.
NOTIC: [8] Undefined variable: channelidArr D:\xampp\htdocs\bookchannel\Application\Admin\Model\ChannelModel.class.php 第 638 行.
NOTIC: [8] Undefined variable: channelid D:\xampp\htdocs\bookchannel\Application\Admin\Model\PayModel.class.php 第 588 行.
NOTIC: [8] Undefined variable: channelidArr D:\xampp\htdocs\bookchannel\Application\Admin\Model\ChannelModel.class.php 第 638 行.
NOTIC: [8] Undefined variable: channelid D:\xampp\htdocs\bookchannel\Application\Admin\Model\PayModel.class.php 第 589 行.
NOTIC: [8] Undefined variable: channelidArr D:\xampp\htdocs\bookchannel\Application\Admin\Model\ChannelModel.class.php 第 638 行.
NOTIC: [8] Undefined variable: channelid D:\xampp\htdocs\bookchannel\Application\Admin\Model\PayModel.class.php 第 593 行.
INFO: [ view_parse ] --START--
INFO: [ template_filter ] --START--
INFO: Run Behavior\ContentReplaceBehavior [ RunTime:0.000000s ]
INFO: [ template_filter ] --END-- [ RunTime:0.000000s ]
NOTIC: [8] Undefined index: cpid D:\xampp\htdocs\bookchannel\Runtime\Cache\Admin\69fa43b310489e974c292babf8eca7e7.php 第 126 行.
NOTIC: [2] Division by zero D:\xampp\htdocs\bookchannel\Runtime\Cache\Admin\69fa43b310489e974c292babf8eca7e7.php 第 152 行.
NOTIC: [2] Division by zero D:\xampp\htdocs\bookchannel\Runtime\Cache\Admin\69fa43b310489e974c292babf8eca7e7.php 第 159 行.
NOTIC: [8] Undefined variable: yesterdaypayCount D:\xampp\htdocs\bookchannel\Runtime\Cache\Admin\69fa43b310489e974c292babf8eca7e7.php 第 177 行.
NOTIC: [2] Division by zero D:\xampp\htdocs\bookchannel\Runtime\Cache\Admin\69fa43b310489e974c292babf8eca7e7.php 第 191 行.
NOTIC: [8] Undefined variable: monthpayCount D:\xampp\htdocs\bookchannel\Runtime\Cache\Admin\69fa43b310489e974c292babf8eca7e7.php 第 208 行.
NOTIC: [2] Division by zero D:\xampp\htdocs\bookchannel\Runtime\Cache\Admin\69fa43b310489e974c292babf8eca7e7.php 第 216 行.
NOTIC: [2] Division by zero D:\xampp\htdocs\bookchannel\Runtime\Cache\Admin\69fa43b310489e974c292babf8eca7e7.php 第 223 行.
NOTIC: [8] Undefined variable: sumpayCount D:\xampp\htdocs\bookchannel\Runtime\Cache\Admin\69fa43b310489e974c292babf8eca7e7.php 第 240 行.
NOTIC: [8] Undefined index: cpid D:\xampp\htdocs\bookchannel\Runtime\Cache\Admin\69fa43b310489e974c292babf8eca7e7.php 第 266 行.
NOTIC: [2] Division by zero D:\xampp\htdocs\bookchannel\Runtime\Cache\Admin\69fa43b310489e974c292babf8eca7e7.php 第 286 行.
NOTIC: [2] Division by zero D:\xampp\htdocs\bookchannel\Runtime\Cache\Admin\69fa43b310489e974c292babf8eca7e7.php 第 287 行.
NOTIC: [8] Undefined variable: curDayReader D:\xampp\htdocs\bookchannel\Runtime\Cache\Admin\69fa43b310489e974c292babf8eca7e7.php 第 291 行.
NOTIC: [8] Undefined variable: curDayFocus D:\xampp\htdocs\bookchannel\Runtime\Cache\Admin\69fa43b310489e974c292babf8eca7e7.php 第 291 行.
NOTIC: [2] Division by zero D:\xampp\htdocs\bookchannel\Runtime\Cache\Admin\69fa43b310489e974c292babf8eca7e7.php 第 291 行.
NOTIC: [2] Division by zero D:\xampp\htdocs\bookchannel\Runtime\Cache\Admin\69fa43b310489e974c292babf8eca7e7.php 第 314 行.
NOTIC: [2] Division by zero D:\xampp\htdocs\bookchannel\Runtime\Cache\Admin\69fa43b310489e974c292babf8eca7e7.php 第 315 行.
NOTIC: [2] Division by zero D:\xampp\htdocs\bookchannel\Runtime\Cache\Admin\69fa43b310489e974c292babf8eca7e7.php 第 338 行.
NOTIC: [2] Division by zero D:\xampp\htdocs\bookchannel\Runtime\Cache\Admin\69fa43b310489e974c292babf8eca7e7.php 第 339 行.
INFO: Run Behavior\ParseTemplateBehavior [ RunTime:0.044003s ]
INFO: [ view_parse ] --END-- [ RunTime:0.045003s ]
INFO: [ view_filter ] --START--
INFO: Run Behavior\WriteHtmlCacheBehavior [ RunTime:0.001000s ]
INFO: [ view_filter ] --END-- [ RunTime:0.001000s ]
INFO: [ app_end ] --START--
INFO: Run Behavior\ShowPageTraceBehavior [ RunTime:0.001000s ]
INFO: [ app_end ] --END-- [ RunTime:0.001000s ]

[ 2017-09-01T11:16:52+08:00 ] 127.0.0.1 /
INFO: [ app_begin ] --START--
INFO: Run Behavior\ReadHtmlCacheBehavior [ RunTime:0.001000s ]
INFO: [ app_begin ] --END-- [ RunTime:0.001000s ]
ERR: 1064:You have an error in your SQL syntax; check the manual that corresponds to your MariaDB server version for the right syntax to use near ') LIMIT 1' at line 1
 [ SQL语句 ] : SELECT `adpower` FROM `jieqi_distribution_channels` WHERE ( channelid =  ) LIMIT 1  
NOTIC: [2] include(C:\\mobilebook\\adswitch.php): failed to open stream: No such file or directory D:\xampp\htdocs\bookchannel\Application\Admin\Controller\BaseController.class.php 第 67 行.
NOTIC: [2] include(): Failed opening 'C:\\mobilebook\\adswitch.php' for inclusion (include_path='D:\xampp\php\PEAR') D:\xampp\htdocs\bookchannel\Application\Admin\Controller\BaseController.class.php 第 67 行.
ERR: 1146:Table 'acool.jieqi_config' doesn't exist
 [ SQL语句 ] : SHOW COLUMNS FROM `jieqi_config`
ERR: 1146:Table 'acool.jieqi_config' doesn't exist
 [ SQL语句 ] : SELECT * FROM `jieqi_config` 
NOTIC: [2] Invalid argument supplied for foreach() D:\xampp\htdocs\bookchannel\Application\Admin\Controller\BaseController.class.php 第 81 行.
NOTIC: [8] Undefined index: index D:\xampp\htdocs\bookchannel\Application\Admin\Common\function.php 第 78 行.
NOTIC: [8] Undefined index: index D:\xampp\htdocs\bookchannel\Application\Admin\Common\function.php 第 79 行.
INFO: [ view_parse ] --START--
INFO: [ template_filter ] --START--
INFO: Run Behavior\ContentReplaceBehavior [ RunTime:0.001000s ]
INFO: [ template_filter ] --END-- [ RunTime:0.001000s ]
NOTIC: [8] Undefined variable: ischannel D:\xampp\htdocs\bookchannel\Runtime\Cache\Admin\b595b808c2ebeeeb0478ffc30bb4e87a.php 第 80 行.
INFO: Run Behavior\ParseTemplateBehavior [ RunTime:0.042002s ]
INFO: [ view_parse ] --END-- [ RunTime:0.042002s ]
INFO: [ view_filter ] --START--
INFO: Run Behavior\WriteHtmlCacheBehavior [ RunTime:0.001000s ]
INFO: [ view_filter ] --END-- [ RunTime:0.001000s ]
INFO: [ app_end ] --START--
INFO: Run Behavior\ShowPageTraceBehavior [ RunTime:0.001000s ]
INFO: [ app_end ] --END-- [ RunTime:0.002000s ]

[ 2017-09-01T11:16:53+08:00 ] 127.0.0.1 /index.php?s=/Index/welcome.html
INFO: [ app_begin ] --START--
INFO: Run Behavior\ReadHtmlCacheBehavior [ RunTime:0.001000s ]
INFO: [ app_begin ] --END-- [ RunTime:0.001000s ]
ERR: 1064:You have an error in your SQL syntax; check the manual that corresponds to your MariaDB server version for the right syntax to use near ') LIMIT 1' at line 1
 [ SQL语句 ] : SELECT `adpower` FROM `jieqi_distribution_channels` WHERE ( channelid =  ) LIMIT 1  
NOTIC: [2] include(C:\\mobilebook\\adswitch.php): failed to open stream: No such file or directory D:\xampp\htdocs\bookchannel\Application\Admin\Controller\BaseController.class.php 第 67 行.
NOTIC: [2] include(): Failed opening 'C:\\mobilebook\\adswitch.php' for inclusion (include_path='D:\xampp\php\PEAR') D:\xampp\htdocs\bookchannel\Application\Admin\Controller\BaseController.class.php 第 67 行.
ERR: 1146:Table 'acool.jieqi_config' doesn't exist
 [ SQL语句 ] : SHOW COLUMNS FROM `jieqi_config`
ERR: 1146:Table 'acool.jieqi_config' doesn't exist
 [ SQL语句 ] : SELECT * FROM `jieqi_config` 
NOTIC: [2] Invalid argument supplied for foreach() D:\xampp\htdocs\bookchannel\Application\Admin\Controller\BaseController.class.php 第 81 行.
NOTIC: [8] Undefined index: index D:\xampp\htdocs\bookchannel\Application\Admin\Common\function.php 第 78 行.
NOTIC: [8] Undefined index: index D:\xampp\htdocs\bookchannel\Application\Admin\Common\function.php 第 79 行.
NOTIC: [2] Invalid argument supplied for foreach() D:\xampp\htdocs\bookchannel\ThinkPHP\Library\Think\Db\Driver.class.php 第 546 行.
NOTIC: [2] Invalid argument supplied for foreach() D:\xampp\htdocs\bookchannel\ThinkPHP\Library\Think\Db\Driver.class.php 第 546 行.
NOTIC: [8] Undefined variable: parameter D:\xampp\htdocs\bookchannel\Application\Admin\Model\PayModel.class.php 第 16 行.
NOTIC: [2] Missing argument 1 for Admin\Model\UserModel::getDayUserInfo(), called in D:\xampp\htdocs\bookchannel\Application\Admin\Controller\IndexController.class.php on line 88 and defined D:\xampp\htdocs\bookchannel\Application\Admin\Model\UserModel.class.php 第 410 行.
NOTIC: [8] Undefined variable: channelid D:\xampp\htdocs\bookchannel\Application\Admin\Model\UserModel.class.php 第 414 行.
NOTIC: [8] Undefined variable: channelidArr D:\xampp\htdocs\bookchannel\Application\Admin\Model\ChannelModel.class.php 第 638 行.
NOTIC: [8] Undefined variable: channelid D:\xampp\htdocs\bookchannel\Application\Admin\Model\UserModel.class.php 第 415 行.
NOTIC: [8] Undefined variable: channelidArr D:\xampp\htdocs\bookchannel\Application\Admin\Model\ChannelModel.class.php 第 638 行.
NOTIC: [8] Undefined variable: channelid D:\xampp\htdocs\bookchannel\Application\Admin\Model\UserModel.class.php 第 416 行.
NOTIC: [8] Undefined variable: channelidArr D:\xampp\htdocs\bookchannel\Application\Admin\Model\ChannelModel.class.php 第 638 行.
NOTIC: [8] Undefined variable: channelid D:\xampp\htdocs\bookchannel\Application\Admin\Model\UserModel.class.php 第 417 行.
NOTIC: [8] Undefined variable: channelidArr D:\xampp\htdocs\bookchannel\Application\Admin\Model\ChannelModel.class.php 第 638 行.
NOTIC: [8] Undefined variable: channelid D:\xampp\htdocs\bookchannel\Application\Admin\Model\UserModel.class.php 第 418 行.
NOTIC: [8] Undefined variable: channelidArr D:\xampp\htdocs\bookchannel\Application\Admin\Model\ChannelModel.class.php 第 638 行.
NOTIC: [8] Undefined variable: channelid D:\xampp\htdocs\bookchannel\Application\Admin\Model\UserModel.class.php 第 419 行.
NOTIC: [8] Undefined variable: channelidArr D:\xampp\htdocs\bookchannel\Application\Admin\Model\ChannelModel.class.php 第 638 行.
ERR: 1064:You have an error in your SQL syntax; check the manual that corresponds to your MariaDB server version for the right syntax to use near ') AND `payflag` = 1 GROUP BY buyid' at line 1
 [ SQL语句 ] : SELECT `buyid` FROM `jieqi_distribution_pay_paylog` WHERE `buyid` IN () AND `payflag` = 1 GROUP BY buyid 
NOTIC: [2] Missing argument 1 for Admin\Model\PayModel::dayPayInfo(), called in D:\xampp\htdocs\bookchannel\Application\Admin\Controller\IndexController.class.php on line 102 and defined D:\xampp\htdocs\bookchannel\Application\Admin\Model\PayModel.class.php 第 478 行.
NOTIC: [8] Undefined variable: channelid D:\xampp\htdocs\bookchannel\Application\Admin\Model\PayModel.class.php 第 482 行.
NOTIC: [8] Undefined variable: channelidArr D:\xampp\htdocs\bookchannel\Application\Admin\Model\ChannelModel.class.php 第 638 行.
NOTIC: [8] Undefined variable: channelid D:\xampp\htdocs\bookchannel\Application\Admin\Model\PayModel.class.php 第 486 行.
NOTIC: [8] Undefined variable: channelidArr D:\xampp\htdocs\bookchannel\Application\Admin\Model\ChannelModel.class.php 第 638 行.
NOTIC: [8] Undefined variable: channelid D:\xampp\htdocs\bookchannel\Application\Admin\Model\PayModel.class.php 第 490 行.
NOTIC: [8] Undefined variable: channelidArr D:\xampp\htdocs\bookchannel\Application\Admin\Model\ChannelModel.class.php 第 638 行.
NOTIC: [8] Undefined variable: channelid D:\xampp\htdocs\bookchannel\Application\Admin\Model\PayModel.class.php 第 494 行.
NOTIC: [8] Undefined variable: channelidArr D:\xampp\htdocs\bookchannel\Application\Admin\Model\ChannelModel.class.php 第 638 行.
NOTIC: [8] Undefined variable: channelid D:\xampp\htdocs\bookchannel\Application\Admin\Model\PayModel.class.php 第 497 行.
NOTIC: [8] Undefined variable: channelidArr D:\xampp\htdocs\bookchannel\Application\Admin\Model\ChannelModel.class.php 第 638 行.
INFO: [ view_parse ] --START--
INFO: [ template_filter ] --START--
INFO: Run Behavior\ContentReplaceBehavior [ RunTime:0.001000s ]
INFO: [ template_filter ] --END-- [ RunTime:0.001000s ]
NOTIC: [8] Undefined index: cpid D:\xampp\htdocs\bookchannel\Runtime\Cache\Admin\69fa43b310489e974c292babf8eca7e7.php 第 126 行.
NOTIC: [2] Division by zero D:\xampp\htdocs\bookchannel\Runtime\Cache\Admin\69fa43b310489e974c292babf8eca7e7.php 第 152 行.
NOTIC: [2] Division by zero D:\xampp\htdocs\bookchannel\Runtime\Cache\Admin\69fa43b310489e974c292babf8eca7e7.php 第 159 行.
NOTIC: [8] Undefined variable: yesterdaypayCount D:\xampp\htdocs\bookchannel\Runtime\Cache\Admin\69fa43b310489e974c292babf8eca7e7.php 第 177 行.
NOTIC: [2] Division by zero D:\xampp\htdocs\bookchannel\Runtime\Cache\Admin\69fa43b310489e974c292babf8eca7e7.php 第 191 行.
NOTIC: [8] Undefined variable: monthpayCount D:\xampp\htdocs\bookchannel\Runtime\Cache\Admin\69fa43b310489e974c292babf8eca7e7.php 第 208 行.
NOTIC: [2] Division by zero D:\xampp\htdocs\bookchannel\Runtime\Cache\Admin\69fa43b310489e974c292babf8eca7e7.php 第 216 行.
NOTIC: [2] Division by zero D:\xampp\htdocs\bookchannel\Runtime\Cache\Admin\69fa43b310489e974c292babf8eca7e7.php 第 223 行.
NOTIC: [8] Undefined variable: sumpayCount D:\xampp\htdocs\bookchannel\Runtime\Cache\Admin\69fa43b310489e974c292babf8eca7e7.php 第 240 行.
NOTIC: [8] Undefined index: cpid D:\xampp\htdocs\bookchannel\Runtime\Cache\Admin\69fa43b310489e974c292babf8eca7e7.php 第 266 行.
NOTIC: [2] Division by zero D:\xampp\htdocs\bookchannel\Runtime\Cache\Admin\69fa43b310489e974c292babf8eca7e7.php 第 286 行.
NOTIC: [2] Division by zero D:\xampp\htdocs\bookchannel\Runtime\Cache\Admin\69fa43b310489e974c292babf8eca7e7.php 第 287 行.
NOTIC: [8] Undefined variable: curDayReader D:\xampp\htdocs\bookchannel\Runtime\Cache\Admin\69fa43b310489e974c292babf8eca7e7.php 第 291 行.
NOTIC: [8] Undefined variable: curDayFocus D:\xampp\htdocs\bookchannel\Runtime\Cache\Admin\69fa43b310489e974c292babf8eca7e7.php 第 291 行.
NOTIC: [2] Division by zero D:\xampp\htdocs\bookchannel\Runtime\Cache\Admin\69fa43b310489e974c292babf8eca7e7.php 第 291 行.
NOTIC: [2] Division by zero D:\xampp\htdocs\bookchannel\Runtime\Cache\Admin\69fa43b310489e974c292babf8eca7e7.php 第 314 行.
NOTIC: [2] Division by zero D:\xampp\htdocs\bookchannel\Runtime\Cache\Admin\69fa43b310489e974c292babf8eca7e7.php 第 315 行.
NOTIC: [2] Division by zero D:\xampp\htdocs\bookchannel\Runtime\Cache\Admin\69fa43b310489e974c292babf8eca7e7.php 第 338 行.
NOTIC: [2] Division by zero D:\xampp\htdocs\bookchannel\Runtime\Cache\Admin\69fa43b310489e974c292babf8eca7e7.php 第 339 行.
INFO: Run Behavior\ParseTemplateBehavior [ RunTime:0.041002s ]
INFO: [ view_parse ] --END-- [ RunTime:0.041002s ]
INFO: [ view_filter ] --START--
INFO: Run Behavior\WriteHtmlCacheBehavior [ RunTime:0.000000s ]
INFO: [ view_filter ] --END-- [ RunTime:0.000000s ]
INFO: [ app_end ] --START--
INFO: Run Behavior\ShowPageTraceBehavior [ RunTime:0.001000s ]
INFO: [ app_end ] --END-- [ RunTime:0.001000s ]

[ 2017-09-01T11:17:08+08:00 ] 127.0.0.1 /index.php?s=/Doc/commentList.html
INFO: [ app_begin ] --START--
INFO: Run Behavior\ReadHtmlCacheBehavior [ RunTime:0.000000s ]
INFO: [ app_begin ] --END-- [ RunTime:0.002001s ]
ERR: 1064:You have an error in your SQL syntax; check the manual that corresponds to your MariaDB server version for the right syntax to use near ') LIMIT 1' at line 1
 [ SQL语句 ] : SELECT `adpower` FROM `jieqi_distribution_channels` WHERE ( channelid =  ) LIMIT 1  
NOTIC: [2] include(C:\\mobilebook\\adswitch.php): failed to open stream: No such file or directory D:\xampp\htdocs\bookchannel\Application\Admin\Controller\BaseController.class.php 第 67 行.
NOTIC: [2] include(): Failed opening 'C:\\mobilebook\\adswitch.php' for inclusion (include_path='D:\xampp\php\PEAR') D:\xampp\htdocs\bookchannel\Application\Admin\Controller\BaseController.class.php 第 67 行.
ERR: 1146:Table 'acool.jieqi_config' doesn't exist
 [ SQL语句 ] : SHOW COLUMNS FROM `jieqi_config`
ERR: 1146:Table 'acool.jieqi_config' doesn't exist
 [ SQL语句 ] : SELECT * FROM `jieqi_config` 
NOTIC: [2] Invalid argument supplied for foreach() D:\xampp\htdocs\bookchannel\Application\Admin\Controller\BaseController.class.php 第 81 行.
NOTIC: [8] Undefined index: doc D:\xampp\htdocs\bookchannel\Application\Admin\Common\function.php 第 78 行.
NOTIC: [8] Undefined index: doc D:\xampp\htdocs\bookchannel\Application\Admin\Common\function.php 第 79 行.
INFO: [ view_parse ] --START--
INFO: [ template_filter ] --START--
INFO: Run Behavior\ContentReplaceBehavior [ RunTime:0.000000s ]
INFO: [ template_filter ] --END-- [ RunTime:0.000000s ]
NOTIC: [8] Undefined index: name D:\xampp\htdocs\bookchannel\Runtime\Cache\Admin\d16b5abbf8da5698e726bced6821bcbd.php 第 526 行.
NOTIC: [8] Undefined index: name D:\xampp\htdocs\bookchannel\Runtime\Cache\Admin\d16b5abbf8da5698e726bced6821bcbd.php 第 527 行.
NOTIC: [8] Undefined index: name D:\xampp\htdocs\bookchannel\Runtime\Cache\Admin\d16b5abbf8da5698e726bced6821bcbd.php 第 531 行.
NOTIC: [8] Undefined index: name D:\xampp\htdocs\bookchannel\Runtime\Cache\Admin\d16b5abbf8da5698e726bced6821bcbd.php 第 526 行.
NOTIC: [8] Undefined index: name D:\xampp\htdocs\bookchannel\Runtime\Cache\Admin\d16b5abbf8da5698e726bced6821bcbd.php 第 527 行.
NOTIC: [8] Undefined index: name D:\xampp\htdocs\bookchannel\Runtime\Cache\Admin\d16b5abbf8da5698e726bced6821bcbd.php 第 531 行.
NOTIC: [8] Undefined index: name D:\xampp\htdocs\bookchannel\Runtime\Cache\Admin\d16b5abbf8da5698e726bced6821bcbd.php 第 526 行.
NOTIC: [8] Undefined index: name D:\xampp\htdocs\bookchannel\Runtime\Cache\Admin\d16b5abbf8da5698e726bced6821bcbd.php 第 527 行.
NOTIC: [8] Undefined index: name D:\xampp\htdocs\bookchannel\Runtime\Cache\Admin\d16b5abbf8da5698e726bced6821bcbd.php 第 531 行.
NOTIC: [8] Undefined index: name D:\xampp\htdocs\bookchannel\Runtime\Cache\Admin\d16b5abbf8da5698e726bced6821bcbd.php 第 526 行.
NOTIC: [8] Undefined index: name D:\xampp\htdocs\bookchannel\Runtime\Cache\Admin\d16b5abbf8da5698e726bced6821bcbd.php 第 527 行.
NOTIC: [8] Undefined index: name D:\xampp\htdocs\bookchannel\Runtime\Cache\Admin\d16b5abbf8da5698e726bced6821bcbd.php 第 531 行.
INFO: Run Behavior\ParseTemplateBehavior [ RunTime:0.026002s ]
INFO: [ view_parse ] --END-- [ RunTime:0.027002s ]
INFO: [ view_filter ] --START--
INFO: Run Behavior\WriteHtmlCacheBehavior [ RunTime:0.000000s ]
INFO: [ view_filter ] --END-- [ RunTime:0.001000s ]
INFO: [ app_end ] --START--
INFO: Run Behavior\ShowPageTraceBehavior [ RunTime:0.001000s ]
INFO: [ app_end ] --END-- [ RunTime:0.001000s ]

