[ 2017-07-29T09:03:38+08:00 ] 127.0.0.1 /
INFO: [ app_begin ] --START--
INFO: Run Behavior\ReadHtmlCacheBehavior [ RunTime:0.000000s ]
INFO: [ app_begin ] --END-- [ RunTime:0.001000s ]
NOTIC: [2] include(C:\\mobilebook\\adswitch.php): failed to open stream: No such file or directory D:\xampp\htdocs\bookchannel\Application\Admin\Controller\BaseController.class.php 第 67 行.
NOTIC: [2] include(): Failed opening 'C:\\mobilebook\\adswitch.php' for inclusion (include_path='D:\xampp\php\PEAR') D:\xampp\htdocs\bookchannel\Application\Admin\Controller\BaseController.class.php 第 67 行.
ERR: 1146:Table 'acool.jieqi_config' doesn't exist
 [ SQL语句 ] : SHOW COLUMNS FROM `jieqi_config`
ERR: 1146:Table 'acool.jieqi_config' doesn't exist
 [ SQL语句 ] : SELECT * FROM `jieqi_config` 
NOTIC: [2] Invalid argument supplied for foreach() D:\xampp\htdocs\bookchannel\Application\Admin\Controller\BaseController.class.php 第 81 行.
NOTIC: [8] Undefined index: index D:\xampp\htdocs\bookchannel\Application\Admin\Common\function.php 第 78 行.
NOTIC: [8] Undefined index: index D:\xampp\htdocs\bookchannel\Application\Admin\Common\function.php 第 79 行.
INFO: [ view_parse ] --START--
INFO: [ template_filter ] --START--
INFO: Run Behavior\ContentReplaceBehavior [ RunTime:0.000000s ]
INFO: [ template_filter ] --END-- [ RunTime:0.000000s ]
INFO: Run Behavior\ParseTemplateBehavior [ RunTime:0.024001s ]
INFO: [ view_parse ] --END-- [ RunTime:0.024001s ]
INFO: [ view_filter ] --START--
INFO: Run Behavior\WriteHtmlCacheBehavior [ RunTime:0.001000s ]
INFO: [ view_filter ] --END-- [ RunTime:0.001000s ]
INFO: [ app_end ] --START--
INFO: Run Behavior\ShowPageTraceBehavior [ RunTime:0.001000s ]
INFO: [ app_end ] --END-- [ RunTime:0.001000s ]

[ 2017-07-29T09:03:46+08:00 ] 127.0.0.1 /index.php?s=/Admin/login.html
INFO: [ app_begin ] --START--
INFO: Run Behavior\ReadHtmlCacheBehavior [ RunTime:0.000000s ]
INFO: [ app_begin ] --END-- [ RunTime:0.001001s ]
NOTIC: [2] include(C:\\mobilebook\\adswitch.php): failed to open stream: No such file or directory D:\xampp\htdocs\bookchannel\Application\Admin\Controller\BaseController.class.php 第 67 行.
NOTIC: [2] include(): Failed opening 'C:\\mobilebook\\adswitch.php' for inclusion (include_path='D:\xampp\php\PEAR') D:\xampp\htdocs\bookchannel\Application\Admin\Controller\BaseController.class.php 第 67 行.
ERR: 1146:Table 'acool.jieqi_config' doesn't exist
 [ SQL语句 ] : SHOW COLUMNS FROM `jieqi_config`
ERR: 1146:Table 'acool.jieqi_config' doesn't exist
 [ SQL语句 ] : SELECT * FROM `jieqi_config` 
NOTIC: [2] Invalid argument supplied for foreach() D:\xampp\htdocs\bookchannel\Application\Admin\Controller\BaseController.class.php 第 81 行.
NOTIC: [8] Undefined index: admin D:\xampp\htdocs\bookchannel\Application\Admin\Common\function.php 第 78 行.
NOTIC: [8] Undefined index: admin D:\xampp\htdocs\bookchannel\Application\Admin\Common\function.php 第 79 行.

[ 2017-07-29T09:03:49+08:00 ] 127.0.0.1 /index.php?s=/Channel/index.html
INFO: [ app_begin ] --START--
INFO: Run Behavior\ReadHtmlCacheBehavior [ RunTime:0.000000s ]
INFO: [ app_begin ] --END-- [ RunTime:0.001000s ]
NOTIC: [2] include(C:\\mobilebook\\adswitch.php): failed to open stream: No such file or directory D:\xampp\htdocs\bookchannel\Application\Admin\Controller\BaseController.class.php 第 67 行.
NOTIC: [2] include(): Failed opening 'C:\\mobilebook\\adswitch.php' for inclusion (include_path='D:\xampp\php\PEAR') D:\xampp\htdocs\bookchannel\Application\Admin\Controller\BaseController.class.php 第 67 行.
ERR: 1146:Table 'acool.jieqi_config' doesn't exist
 [ SQL语句 ] : SHOW COLUMNS FROM `jieqi_config`
ERR: 1146:Table 'acool.jieqi_config' doesn't exist
 [ SQL语句 ] : SELECT * FROM `jieqi_config` 
NOTIC: [2] Invalid argument supplied for foreach() D:\xampp\htdocs\bookchannel\Application\Admin\Controller\BaseController.class.php 第 81 行.
NOTIC: [8] Undefined index: index D:\xampp\htdocs\bookchannel\Application\Admin\Common\function.php 第 79 行.
NOTIC: [8] Use of undefined constant uid - assumed 'uid' D:\xampp\htdocs\bookchannel\Application\Admin\Controller\ChannelController.class.php 第 40 行.
ERR: 1064:You have an error in your SQL syntax; check the manual that corresponds to your MariaDB server version for the right syntax to use near ') AND `payflag` = 1 GROUP BY buyid' at line 1
 [ SQL语句 ] : SELECT `buyid` FROM `jieqi_distribution_pay_paylog` WHERE `buyid` IN () AND `payflag` = 1 GROUP BY buyid 
ERR: 1064:You have an error in your SQL syntax; check the manual that corresponds to your MariaDB server version for the right syntax to use near ') AND `payflag` = 1 GROUP BY buyid' at line 1
 [ SQL语句 ] : SELECT `buyid` FROM `jieqi_distribution_pay_paylog` WHERE `buyid` IN () AND `payflag` = 1 GROUP BY buyid 
ERR: 1064:You have an error in your SQL syntax; check the manual that corresponds to your MariaDB server version for the right syntax to use near ') AND `payflag` = 1 GROUP BY buyid' at line 1
 [ SQL语句 ] : SELECT `buyid` FROM `jieqi_distribution_pay_paylog` WHERE `buyid` IN () AND `payflag` = 1 GROUP BY buyid 
ERR: 1064:You have an error in your SQL syntax; check the manual that corresponds to your MariaDB server version for the right syntax to use near ') AND `payflag` = 1 GROUP BY buyid' at line 1
 [ SQL语句 ] : SELECT `buyid` FROM `jieqi_distribution_pay_paylog` WHERE `buyid` IN () AND `payflag` = 1 GROUP BY buyid 
ERR: 1064:You have an error in your SQL syntax; check the manual that corresponds to your MariaDB server version for the right syntax to use near ') AND `payflag` = 1 GROUP BY buyid' at line 1
 [ SQL语句 ] : SELECT `buyid` FROM `jieqi_distribution_pay_paylog` WHERE `buyid` IN () AND `payflag` = 1 GROUP BY buyid 
INFO: [ view_parse ] --START--
INFO: [ template_filter ] --START--
INFO: Run Behavior\ContentReplaceBehavior [ RunTime:0.000000s ]
INFO: [ template_filter ] --END-- [ RunTime:0.001000s ]
NOTIC: [8] Undefined variable: upgradeMsg D:\xampp\htdocs\bookchannel\Runtime\Cache\Admin\02cafd185cb33fcae223b1104c31c64e.php 第 240 行.
NOTIC: [2] Division by zero D:\xampp\htdocs\bookchannel\Runtime\Cache\Admin\02cafd185cb33fcae223b1104c31c64e.php 第 630 行.
NOTIC: [8] Undefined variable: yesterdaypayCount D:\xampp\htdocs\bookchannel\Runtime\Cache\Admin\02cafd185cb33fcae223b1104c31c64e.php 第 648 行.
NOTIC: [2] Division by zero D:\xampp\htdocs\bookchannel\Runtime\Cache\Admin\02cafd185cb33fcae223b1104c31c64e.php 第 664 行.
NOTIC: [8] Undefined variable: monthpayCount D:\xampp\htdocs\bookchannel\Runtime\Cache\Admin\02cafd185cb33fcae223b1104c31c64e.php 第 681 行.
NOTIC: [2] Division by zero D:\xampp\htdocs\bookchannel\Runtime\Cache\Admin\02cafd185cb33fcae223b1104c31c64e.php 第 698 行.
NOTIC: [8] Undefined variable: sumpayCount D:\xampp\htdocs\bookchannel\Runtime\Cache\Admin\02cafd185cb33fcae223b1104c31c64e.php 第 715 行.
NOTIC: [2] Division by zero D:\xampp\htdocs\bookchannel\Runtime\Cache\Admin\02cafd185cb33fcae223b1104c31c64e.php 第 732 行.
NOTIC: [2] Division by zero D:\xampp\htdocs\bookchannel\Runtime\Cache\Admin\02cafd185cb33fcae223b1104c31c64e.php 第 758 行.
NOTIC: [2] Division by zero D:\xampp\htdocs\bookchannel\Runtime\Cache\Admin\02cafd185cb33fcae223b1104c31c64e.php 第 759 行.
NOTIC: [8] Undefined variable: curDayReader D:\xampp\htdocs\bookchannel\Runtime\Cache\Admin\02cafd185cb33fcae223b1104c31c64e.php 第 763 行.
NOTIC: [8] Undefined variable: curDayFocus D:\xampp\htdocs\bookchannel\Runtime\Cache\Admin\02cafd185cb33fcae223b1104c31c64e.php 第 763 行.
NOTIC: [2] Division by zero D:\xampp\htdocs\bookchannel\Runtime\Cache\Admin\02cafd185cb33fcae223b1104c31c64e.php 第 763 行.
NOTIC: [2] Division by zero D:\xampp\htdocs\bookchannel\Runtime\Cache\Admin\02cafd185cb33fcae223b1104c31c64e.php 第 787 行.
NOTIC: [2] Division by zero D:\xampp\htdocs\bookchannel\Runtime\Cache\Admin\02cafd185cb33fcae223b1104c31c64e.php 第 788 行.
NOTIC: [2] Division by zero D:\xampp\htdocs\bookchannel\Runtime\Cache\Admin\02cafd185cb33fcae223b1104c31c64e.php 第 811 行.
NOTIC: [2] Division by zero D:\xampp\htdocs\bookchannel\Runtime\Cache\Admin\02cafd185cb33fcae223b1104c31c64e.php 第 812 行.
NOTIC: [8] Undefined index: remainmoney D:\xampp\htdocs\bookchannel\Runtime\Cache\Admin\02cafd185cb33fcae223b1104c31c64e.php 第 826 行.
NOTIC: [2] Division by zero D:\xampp\htdocs\bookchannel\Runtime\Cache\Admin\02cafd185cb33fcae223b1104c31c64e.php 第 847 行.
NOTIC: [2] Division by zero D:\xampp\htdocs\bookchannel\Runtime\Cache\Admin\02cafd185cb33fcae223b1104c31c64e.php 第 848 行.
INFO: Run Behavior\ParseTemplateBehavior [ RunTime:0.066003s ]
INFO: [ view_parse ] --END-- [ RunTime:0.066003s ]
INFO: [ view_filter ] --START--
INFO: Run Behavior\WriteHtmlCacheBehavior [ RunTime:0.001000s ]
INFO: [ view_filter ] --END-- [ RunTime:0.001000s ]
INFO: [ app_end ] --START--
INFO: Run Behavior\ShowPageTraceBehavior [ RunTime:0.001000s ]
INFO: [ app_end ] --END-- [ RunTime:0.001000s ]

[ 2017-07-29T09:03:49+08:00 ] 127.0.0.1 /index.php?m=Admin&c=Channel&a=ajaxChannelList&p=1
INFO: [ app_begin ] --START--
INFO: Run Behavior\ReadHtmlCacheBehavior [ RunTime:0.001000s ]
INFO: [ app_begin ] --END-- [ RunTime:0.001000s ]
NOTIC: [2] include(C:\\mobilebook\\adswitch.php): failed to open stream: No such file or directory D:\xampp\htdocs\bookchannel\Application\Admin\Controller\BaseController.class.php 第 67 行.
NOTIC: [2] include(): Failed opening 'C:\\mobilebook\\adswitch.php' for inclusion (include_path='D:\xampp\php\PEAR') D:\xampp\htdocs\bookchannel\Application\Admin\Controller\BaseController.class.php 第 67 行.
ERR: 1146:Table 'acool.jieqi_config' doesn't exist
 [ SQL语句 ] : SHOW COLUMNS FROM `jieqi_config`
ERR: 1146:Table 'acool.jieqi_config' doesn't exist
 [ SQL语句 ] : SELECT * FROM `jieqi_config` 
NOTIC: [2] Invalid argument supplied for foreach() D:\xampp\htdocs\bookchannel\Application\Admin\Controller\BaseController.class.php 第 81 行.
NOTIC: [8] Undefined index: ajaxChannelList D:\xampp\htdocs\bookchannel\Application\Admin\Common\function.php 第 79 行.
INFO: [ view_parse ] --START--
INFO: [ template_filter ] --START--
INFO: Run Behavior\ContentReplaceBehavior [ RunTime:0.000000s ]
INFO: [ template_filter ] --END-- [ RunTime:0.000000s ]
NOTIC: [8] Undefined index: daysumpay D:\xampp\htdocs\bookchannel\Runtime\Cache\Admin\06dca19fe6b255cf3c0dbb86d3adc5f5.php 第 88 行.
INFO: Run Behavior\ParseTemplateBehavior [ RunTime:0.035002s ]
INFO: [ view_parse ] --END-- [ RunTime:0.035002s ]
INFO: [ view_filter ] --START--
INFO: Run Behavior\WriteHtmlCacheBehavior [ RunTime:0.001000s ]
INFO: [ view_filter ] --END-- [ RunTime:0.001000s ]
INFO: [ app_end ] --START--
INFO: Run Behavior\ShowPageTraceBehavior [ RunTime:0.000000s ]
INFO: [ app_end ] --END-- [ RunTime:0.001000s ]

[ 2017-07-29T09:06:55+08:00 ] 127.0.0.1 /index.php?s=/Channel/channelAffiche.html
INFO: [ app_begin ] --START--
INFO: Run Behavior\ReadHtmlCacheBehavior [ RunTime:0.000000s ]
INFO: [ app_begin ] --END-- [ RunTime:0.001000s ]
NOTIC: [2] include(C:\\mobilebook\\adswitch.php): failed to open stream: No such file or directory D:\xampp\htdocs\bookchannel\Application\Admin\Controller\BaseController.class.php 第 67 行.
NOTIC: [2] include(): Failed opening 'C:\\mobilebook\\adswitch.php' for inclusion (include_path='D:\xampp\php\PEAR') D:\xampp\htdocs\bookchannel\Application\Admin\Controller\BaseController.class.php 第 67 行.
ERR: 1146:Table 'acool.jieqi_config' doesn't exist
 [ SQL语句 ] : SHOW COLUMNS FROM `jieqi_config`
ERR: 1146:Table 'acool.jieqi_config' doesn't exist
 [ SQL语句 ] : SELECT * FROM `jieqi_config` 
NOTIC: [2] Invalid argument supplied for foreach() D:\xampp\htdocs\bookchannel\Application\Admin\Controller\BaseController.class.php 第 81 行.
NOTIC: [8] Undefined index: channelAffiche D:\xampp\htdocs\bookchannel\Application\Admin\Common\function.php 第 79 行.
NOTIC: [8] Undefined variable: condition D:\xampp\htdocs\bookchannel\Application\Admin\Controller\ChannelController.class.php 第 1247 行.
INFO: [ view_parse ] --START--
INFO: [ template_filter ] --START--
INFO: Run Behavior\ContentReplaceBehavior [ RunTime:0.000000s ]
INFO: [ template_filter ] --END-- [ RunTime:0.001000s ]
NOTIC: [8] Undefined variable: ischannel D:\xampp\htdocs\bookchannel\Runtime\Cache\Admin\11b3f3d9de0b23f8d3fdd889762c2b94.php 第 78 行.
NOTIC: [8] Undefined variable: upgradeMsg D:\xampp\htdocs\bookchannel\Runtime\Cache\Admin\11b3f3d9de0b23f8d3fdd889762c2b94.php 第 240 行.
INFO: Run Behavior\ParseTemplateBehavior [ RunTime:0.048003s ]
INFO: [ view_parse ] --END-- [ RunTime:0.048003s ]
INFO: [ view_filter ] --START--
INFO: Run Behavior\WriteHtmlCacheBehavior [ RunTime:0.000000s ]
INFO: [ view_filter ] --END-- [ RunTime:0.001000s ]
INFO: [ app_end ] --START--
INFO: Run Behavior\ShowPageTraceBehavior [ RunTime:0.001000s ]
INFO: [ app_end ] --END-- [ RunTime:0.001000s ]

[ 2017-07-29T09:10:04+08:00 ] 127.0.0.1 /index.php?s=/Channel/channelAffiche.html
INFO: [ app_begin ] --START--
INFO: Run Behavior\ReadHtmlCacheBehavior [ RunTime:0.000000s ]
INFO: [ app_begin ] --END-- [ RunTime:0.002000s ]
NOTIC: [2] include(C:\\mobilebook\\adswitch.php): failed to open stream: No such file or directory D:\xampp\htdocs\bookchannel\Application\Admin\Controller\BaseController.class.php 第 67 行.
NOTIC: [2] include(): Failed opening 'C:\\mobilebook\\adswitch.php' for inclusion (include_path='D:\xampp\php\PEAR') D:\xampp\htdocs\bookchannel\Application\Admin\Controller\BaseController.class.php 第 67 行.
ERR: 1146:Table 'acool.jieqi_config' doesn't exist
 [ SQL语句 ] : SHOW COLUMNS FROM `jieqi_config`
ERR: 1146:Table 'acool.jieqi_config' doesn't exist
 [ SQL语句 ] : SELECT * FROM `jieqi_config` 
NOTIC: [2] Invalid argument supplied for foreach() D:\xampp\htdocs\bookchannel\Application\Admin\Controller\BaseController.class.php 第 81 行.
NOTIC: [8] Undefined index: channelAffiche D:\xampp\htdocs\bookchannel\Application\Admin\Common\function.php 第 79 行.
NOTIC: [8] Undefined variable: condition D:\xampp\htdocs\bookchannel\Application\Admin\Controller\ChannelController.class.php 第 1247 行.
INFO: [ view_parse ] --START--
INFO: [ template_filter ] --START--
INFO: Run Behavior\ContentReplaceBehavior [ RunTime:0.000000s ]
INFO: [ template_filter ] --END-- [ RunTime:0.001000s ]
NOTIC: [8] Undefined variable: ischannel D:\xampp\htdocs\bookchannel\Runtime\Cache\Admin\11b3f3d9de0b23f8d3fdd889762c2b94.php 第 78 行.
NOTIC: [8] Undefined variable: upgradeMsg D:\xampp\htdocs\bookchannel\Runtime\Cache\Admin\11b3f3d9de0b23f8d3fdd889762c2b94.php 第 245 行.
INFO: Run Behavior\ParseTemplateBehavior [ RunTime:0.039002s ]
INFO: [ view_parse ] --END-- [ RunTime:0.039002s ]
INFO: [ view_filter ] --START--
INFO: Run Behavior\WriteHtmlCacheBehavior [ RunTime:0.001000s ]
INFO: [ view_filter ] --END-- [ RunTime:0.001000s ]
INFO: [ app_end ] --START--
INFO: Run Behavior\ShowPageTraceBehavior [ RunTime:0.001000s ]
INFO: [ app_end ] --END-- [ RunTime:0.002000s ]

[ 2017-07-29T09:10:26+08:00 ] 127.0.0.1 /index.php?s=/Channel/channelAffiche.html
INFO: [ app_begin ] --START--
INFO: Run Behavior\ReadHtmlCacheBehavior [ RunTime:0.001000s ]
INFO: [ app_begin ] --END-- [ RunTime:0.001000s ]
NOTIC: [2] include(C:\\mobilebook\\adswitch.php): failed to open stream: No such file or directory D:\xampp\htdocs\bookchannel\Application\Admin\Controller\BaseController.class.php 第 67 行.
NOTIC: [2] include(): Failed opening 'C:\\mobilebook\\adswitch.php' for inclusion (include_path='D:\xampp\php\PEAR') D:\xampp\htdocs\bookchannel\Application\Admin\Controller\BaseController.class.php 第 67 行.
ERR: 1146:Table 'acool.jieqi_config' doesn't exist
 [ SQL语句 ] : SHOW COLUMNS FROM `jieqi_config`
ERR: 1146:Table 'acool.jieqi_config' doesn't exist
 [ SQL语句 ] : SELECT * FROM `jieqi_config` 
NOTIC: [2] Invalid argument supplied for foreach() D:\xampp\htdocs\bookchannel\Application\Admin\Controller\BaseController.class.php 第 81 行.
NOTIC: [8] Undefined index: channelAffiche D:\xampp\htdocs\bookchannel\Application\Admin\Common\function.php 第 79 行.
NOTIC: [8] Undefined variable: condition D:\xampp\htdocs\bookchannel\Application\Admin\Controller\ChannelController.class.php 第 1247 行.
INFO: [ view_parse ] --START--
INFO: [ template_filter ] --START--
INFO: Run Behavior\ContentReplaceBehavior [ RunTime:0.000000s ]
INFO: [ template_filter ] --END-- [ RunTime:0.000000s ]
NOTIC: [8] Undefined variable: ischannel D:\xampp\htdocs\bookchannel\Runtime\Cache\Admin\11b3f3d9de0b23f8d3fdd889762c2b94.php 第 78 行.
NOTIC: [8] Undefined variable: upgradeMsg D:\xampp\htdocs\bookchannel\Runtime\Cache\Admin\11b3f3d9de0b23f8d3fdd889762c2b94.php 第 245 行.
INFO: Run Behavior\ParseTemplateBehavior [ RunTime:0.041003s ]
INFO: [ view_parse ] --END-- [ RunTime:0.041003s ]
INFO: [ view_filter ] --START--
INFO: Run Behavior\WriteHtmlCacheBehavior [ RunTime:0.000000s ]
INFO: [ view_filter ] --END-- [ RunTime:0.000000s ]
INFO: [ app_end ] --START--
INFO: Run Behavior\ShowPageTraceBehavior [ RunTime:0.001000s ]
INFO: [ app_end ] --END-- [ RunTime:0.001000s ]

[ 2017-07-29T09:10:45+08:00 ] 127.0.0.1 /index.php?s=/Channel/channelAffiche.html
INFO: [ app_begin ] --START--
INFO: Run Behavior\ReadHtmlCacheBehavior [ RunTime:0.001000s ]
INFO: [ app_begin ] --END-- [ RunTime:0.001000s ]
NOTIC: [2] include(C:\\mobilebook\\adswitch.php): failed to open stream: No such file or directory D:\xampp\htdocs\bookchannel\Application\Admin\Controller\BaseController.class.php 第 67 行.
NOTIC: [2] include(): Failed opening 'C:\\mobilebook\\adswitch.php' for inclusion (include_path='D:\xampp\php\PEAR') D:\xampp\htdocs\bookchannel\Application\Admin\Controller\BaseController.class.php 第 67 行.
ERR: 1146:Table 'acool.jieqi_config' doesn't exist
 [ SQL语句 ] : SHOW COLUMNS FROM `jieqi_config`
ERR: 1146:Table 'acool.jieqi_config' doesn't exist
 [ SQL语句 ] : SELECT * FROM `jieqi_config` 
NOTIC: [2] Invalid argument supplied for foreach() D:\xampp\htdocs\bookchannel\Application\Admin\Controller\BaseController.class.php 第 81 行.
NOTIC: [8] Undefined index: channelAffiche D:\xampp\htdocs\bookchannel\Application\Admin\Common\function.php 第 79 行.
NOTIC: [8] Undefined variable: condition D:\xampp\htdocs\bookchannel\Application\Admin\Controller\ChannelController.class.php 第 1247 行.
INFO: [ view_parse ] --START--
INFO: [ template_filter ] --START--
INFO: Run Behavior\ContentReplaceBehavior [ RunTime:0.001000s ]
INFO: [ template_filter ] --END-- [ RunTime:0.001000s ]
NOTIC: [8] Undefined variable: ischannel D:\xampp\htdocs\bookchannel\Runtime\Cache\Admin\11b3f3d9de0b23f8d3fdd889762c2b94.php 第 78 行.
NOTIC: [8] Undefined variable: upgradeMsg D:\xampp\htdocs\bookchannel\Runtime\Cache\Admin\11b3f3d9de0b23f8d3fdd889762c2b94.php 第 246 行.
INFO: Run Behavior\ParseTemplateBehavior [ RunTime:0.041002s ]
INFO: [ view_parse ] --END-- [ RunTime:0.041002s ]
INFO: [ view_filter ] --START--
INFO: Run Behavior\WriteHtmlCacheBehavior [ RunTime:0.000000s ]
INFO: [ view_filter ] --END-- [ RunTime:0.001000s ]
INFO: [ app_end ] --START--
INFO: Run Behavior\ShowPageTraceBehavior [ RunTime:0.002000s ]
INFO: [ app_end ] --END-- [ RunTime:0.002000s ]

[ 2017-07-29T09:10:55+08:00 ] 127.0.0.1 /index.php?s=/Channel/channelAffiche.html
INFO: [ app_begin ] --START--
INFO: Run Behavior\ReadHtmlCacheBehavior [ RunTime:0.000000s ]
INFO: [ app_begin ] --END-- [ RunTime:0.002000s ]
NOTIC: [2] include(C:\\mobilebook\\adswitch.php): failed to open stream: No such file or directory D:\xampp\htdocs\bookchannel\Application\Admin\Controller\BaseController.class.php 第 67 行.
NOTIC: [2] include(): Failed opening 'C:\\mobilebook\\adswitch.php' for inclusion (include_path='D:\xampp\php\PEAR') D:\xampp\htdocs\bookchannel\Application\Admin\Controller\BaseController.class.php 第 67 行.
ERR: 1146:Table 'acool.jieqi_config' doesn't exist
 [ SQL语句 ] : SHOW COLUMNS FROM `jieqi_config`
ERR: 1146:Table 'acool.jieqi_config' doesn't exist
 [ SQL语句 ] : SELECT * FROM `jieqi_config` 
NOTIC: [2] Invalid argument supplied for foreach() D:\xampp\htdocs\bookchannel\Application\Admin\Controller\BaseController.class.php 第 81 行.
NOTIC: [8] Undefined index: channelAffiche D:\xampp\htdocs\bookchannel\Application\Admin\Common\function.php 第 79 行.
NOTIC: [8] Undefined variable: condition D:\xampp\htdocs\bookchannel\Application\Admin\Controller\ChannelController.class.php 第 1247 行.
INFO: [ view_parse ] --START--
INFO: [ template_filter ] --START--
INFO: Run Behavior\ContentReplaceBehavior [ RunTime:0.001000s ]
INFO: [ template_filter ] --END-- [ RunTime:0.001000s ]
NOTIC: [8] Undefined variable: ischannel D:\xampp\htdocs\bookchannel\Runtime\Cache\Admin\11b3f3d9de0b23f8d3fdd889762c2b94.php 第 78 行.
NOTIC: [8] Undefined variable: upgradeMsg D:\xampp\htdocs\bookchannel\Runtime\Cache\Admin\11b3f3d9de0b23f8d3fdd889762c2b94.php 第 246 行.
INFO: Run Behavior\ParseTemplateBehavior [ RunTime:0.037002s ]
INFO: [ view_parse ] --END-- [ RunTime:0.037002s ]
INFO: [ view_filter ] --START--
INFO: Run Behavior\WriteHtmlCacheBehavior [ RunTime:0.001000s ]
INFO: [ view_filter ] --END-- [ RunTime:0.001000s ]
INFO: [ app_end ] --START--
INFO: Run Behavior\ShowPageTraceBehavior [ RunTime:0.001000s ]
INFO: [ app_end ] --END-- [ RunTime:0.001000s ]

[ 2017-07-29T09:11:59+08:00 ] 127.0.0.1 /index.php?s=/Channel/channelAffiche.html
INFO: [ app_begin ] --START--
INFO: Run Behavior\ReadHtmlCacheBehavior [ RunTime:0.001000s ]
INFO: [ app_begin ] --END-- [ RunTime:0.001000s ]
NOTIC: [2] include(C:\\mobilebook\\adswitch.php): failed to open stream: No such file or directory D:\xampp\htdocs\bookchannel\Application\Admin\Controller\BaseController.class.php 第 67 行.
NOTIC: [2] include(): Failed opening 'C:\\mobilebook\\adswitch.php' for inclusion (include_path='D:\xampp\php\PEAR') D:\xampp\htdocs\bookchannel\Application\Admin\Controller\BaseController.class.php 第 67 行.
ERR: 1146:Table 'acool.jieqi_config' doesn't exist
 [ SQL语句 ] : SHOW COLUMNS FROM `jieqi_config`
ERR: 1146:Table 'acool.jieqi_config' doesn't exist
 [ SQL语句 ] : SELECT * FROM `jieqi_config` 
NOTIC: [2] Invalid argument supplied for foreach() D:\xampp\htdocs\bookchannel\Application\Admin\Controller\BaseController.class.php 第 81 行.
NOTIC: [8] Undefined index: channelAffiche D:\xampp\htdocs\bookchannel\Application\Admin\Common\function.php 第 79 行.
NOTIC: [8] Undefined variable: condition D:\xampp\htdocs\bookchannel\Application\Admin\Controller\ChannelController.class.php 第 1247 行.
INFO: [ view_parse ] --START--
INFO: [ template_filter ] --START--
INFO: Run Behavior\ContentReplaceBehavior [ RunTime:0.000000s ]
INFO: [ template_filter ] --END-- [ RunTime:0.000000s ]
NOTIC: [8] Undefined variable: ischannel D:\xampp\htdocs\bookchannel\Runtime\Cache\Admin\11b3f3d9de0b23f8d3fdd889762c2b94.php 第 78 行.
NOTIC: [8] Undefined variable: upgradeMsg D:\xampp\htdocs\bookchannel\Runtime\Cache\Admin\11b3f3d9de0b23f8d3fdd889762c2b94.php 第 246 行.
INFO: Run Behavior\ParseTemplateBehavior [ RunTime:0.039002s ]
INFO: [ view_parse ] --END-- [ RunTime:0.040002s ]
INFO: [ view_filter ] --START--
INFO: Run Behavior\WriteHtmlCacheBehavior [ RunTime:0.000000s ]
INFO: [ view_filter ] --END-- [ RunTime:0.001000s ]
INFO: [ app_end ] --START--
INFO: Run Behavior\ShowPageTraceBehavior [ RunTime:0.001000s ]
INFO: [ app_end ] --END-- [ RunTime:0.002000s ]

[ 2017-07-29T09:12:13+08:00 ] 127.0.0.1 /index.php?s=/Channel/channelAffiche.html
INFO: [ app_begin ] --START--
INFO: Run Behavior\ReadHtmlCacheBehavior [ RunTime:0.000000s ]
INFO: [ app_begin ] --END-- [ RunTime:0.001000s ]
NOTIC: [2] include(C:\\mobilebook\\adswitch.php): failed to open stream: No such file or directory D:\xampp\htdocs\bookchannel\Application\Admin\Controller\BaseController.class.php 第 67 行.
NOTIC: [2] include(): Failed opening 'C:\\mobilebook\\adswitch.php' for inclusion (include_path='D:\xampp\php\PEAR') D:\xampp\htdocs\bookchannel\Application\Admin\Controller\BaseController.class.php 第 67 行.
ERR: 1146:Table 'acool.jieqi_config' doesn't exist
 [ SQL语句 ] : SHOW COLUMNS FROM `jieqi_config`
ERR: 1146:Table 'acool.jieqi_config' doesn't exist
 [ SQL语句 ] : SELECT * FROM `jieqi_config` 
NOTIC: [2] Invalid argument supplied for foreach() D:\xampp\htdocs\bookchannel\Application\Admin\Controller\BaseController.class.php 第 81 行.
NOTIC: [8] Undefined index: channelAffiche D:\xampp\htdocs\bookchannel\Application\Admin\Common\function.php 第 79 行.
NOTIC: [8] Undefined variable: condition D:\xampp\htdocs\bookchannel\Application\Admin\Controller\ChannelController.class.php 第 1247 行.
INFO: [ view_parse ] --START--
INFO: [ template_filter ] --START--
INFO: Run Behavior\ContentReplaceBehavior [ RunTime:0.000000s ]
INFO: [ template_filter ] --END-- [ RunTime:0.000000s ]
NOTIC: [8] Undefined variable: ischannel D:\xampp\htdocs\bookchannel\Runtime\Cache\Admin\11b3f3d9de0b23f8d3fdd889762c2b94.php 第 78 行.
NOTIC: [8] Undefined variable: upgradeMsg D:\xampp\htdocs\bookchannel\Runtime\Cache\Admin\11b3f3d9de0b23f8d3fdd889762c2b94.php 第 246 行.
INFO: Run Behavior\ParseTemplateBehavior [ RunTime:0.040003s ]
INFO: [ view_parse ] --END-- [ RunTime:0.040003s ]
INFO: [ view_filter ] --START--
INFO: Run Behavior\WriteHtmlCacheBehavior [ RunTime:0.000000s ]
INFO: [ view_filter ] --END-- [ RunTime:0.000000s ]
INFO: [ app_end ] --START--
INFO: Run Behavior\ShowPageTraceBehavior [ RunTime:0.001000s ]
INFO: [ app_end ] --END-- [ RunTime:0.001000s ]

[ 2017-07-29T09:13:55+08:00 ] 127.0.0.1 /index.php?s=/Channel/channelAffiche.html
INFO: [ app_begin ] --START--
INFO: Run Behavior\ReadHtmlCacheBehavior [ RunTime:0.000000s ]
INFO: [ app_begin ] --END-- [ RunTime:0.001000s ]
NOTIC: [2] include(C:\\mobilebook\\adswitch.php): failed to open stream: No such file or directory D:\xampp\htdocs\bookchannel\Application\Admin\Controller\BaseController.class.php 第 67 行.
NOTIC: [2] include(): Failed opening 'C:\\mobilebook\\adswitch.php' for inclusion (include_path='D:\xampp\php\PEAR') D:\xampp\htdocs\bookchannel\Application\Admin\Controller\BaseController.class.php 第 67 行.
ERR: 1146:Table 'acool.jieqi_config' doesn't exist
 [ SQL语句 ] : SHOW COLUMNS FROM `jieqi_config`
ERR: 1146:Table 'acool.jieqi_config' doesn't exist
 [ SQL语句 ] : SELECT * FROM `jieqi_config` 
NOTIC: [2] Invalid argument supplied for foreach() D:\xampp\htdocs\bookchannel\Application\Admin\Controller\BaseController.class.php 第 81 行.
NOTIC: [8] Undefined index: channelAffiche D:\xampp\htdocs\bookchannel\Application\Admin\Common\function.php 第 79 行.
NOTIC: [8] Undefined variable: condition D:\xampp\htdocs\bookchannel\Application\Admin\Controller\ChannelController.class.php 第 1247 行.
INFO: [ view_parse ] --START--
INFO: [ template_filter ] --START--
INFO: Run Behavior\ContentReplaceBehavior [ RunTime:0.000000s ]
INFO: [ template_filter ] --END-- [ RunTime:0.000000s ]
NOTIC: [8] Undefined variable: ischannel D:\xampp\htdocs\bookchannel\Runtime\Cache\Admin\11b3f3d9de0b23f8d3fdd889762c2b94.php 第 78 行.
NOTIC: [8] Undefined variable: upgradeMsg D:\xampp\htdocs\bookchannel\Runtime\Cache\Admin\11b3f3d9de0b23f8d3fdd889762c2b94.php 第 249 行.
INFO: Run Behavior\ParseTemplateBehavior [ RunTime:0.042002s ]
INFO: [ view_parse ] --END-- [ RunTime:0.042002s ]
INFO: [ view_filter ] --START--
INFO: Run Behavior\WriteHtmlCacheBehavior [ RunTime:0.000000s ]
INFO: [ view_filter ] --END-- [ RunTime:0.001000s ]
INFO: [ app_end ] --START--
INFO: Run Behavior\ShowPageTraceBehavior [ RunTime:0.001000s ]
INFO: [ app_end ] --END-- [ RunTime:0.001000s ]

[ 2017-07-29T09:20:01+08:00 ] 127.0.0.1 /index.php?s=/Channel/channelAffiche.html
INFO: [ app_begin ] --START--
INFO: Run Behavior\ReadHtmlCacheBehavior [ RunTime:0.001000s ]
INFO: [ app_begin ] --END-- [ RunTime:0.001000s ]
NOTIC: [2] include(C:\\mobilebook\\adswitch.php): failed to open stream: No such file or directory D:\xampp\htdocs\bookchannel\Application\Admin\Controller\BaseController.class.php 第 67 行.
NOTIC: [2] include(): Failed opening 'C:\\mobilebook\\adswitch.php' for inclusion (include_path='D:\xampp\php\PEAR') D:\xampp\htdocs\bookchannel\Application\Admin\Controller\BaseController.class.php 第 67 行.
ERR: 1146:Table 'acool.jieqi_config' doesn't exist
 [ SQL语句 ] : SHOW COLUMNS FROM `jieqi_config`
ERR: 1146:Table 'acool.jieqi_config' doesn't exist
 [ SQL语句 ] : SELECT * FROM `jieqi_config` 
NOTIC: [2] Invalid argument supplied for foreach() D:\xampp\htdocs\bookchannel\Application\Admin\Controller\BaseController.class.php 第 81 行.
NOTIC: [8] Undefined index: channelAffiche D:\xampp\htdocs\bookchannel\Application\Admin\Common\function.php 第 79 行.
NOTIC: [8] Undefined variable: condition D:\xampp\htdocs\bookchannel\Application\Admin\Controller\ChannelController.class.php 第 1247 行.
INFO: [ view_parse ] --START--
INFO: [ template_filter ] --START--
INFO: Run Behavior\ContentReplaceBehavior [ RunTime:0.000000s ]
INFO: [ template_filter ] --END-- [ RunTime:0.001000s ]
NOTIC: [8] Undefined variable: ischannel D:\xampp\htdocs\bookchannel\Runtime\Cache\Admin\11b3f3d9de0b23f8d3fdd889762c2b94.php 第 78 行.
NOTIC: [8] Undefined variable: upgradeMsg D:\xampp\htdocs\bookchannel\Runtime\Cache\Admin\11b3f3d9de0b23f8d3fdd889762c2b94.php 第 247 行.
INFO: Run Behavior\ParseTemplateBehavior [ RunTime:0.038002s ]
INFO: [ view_parse ] --END-- [ RunTime:0.038002s ]
INFO: [ view_filter ] --START--
INFO: Run Behavior\WriteHtmlCacheBehavior [ RunTime:0.001000s ]
INFO: [ view_filter ] --END-- [ RunTime:0.001000s ]
INFO: [ app_end ] --START--
INFO: Run Behavior\ShowPageTraceBehavior [ RunTime:0.001000s ]
INFO: [ app_end ] --END-- [ RunTime:0.001000s ]

[ 2017-07-29T09:20:11+08:00 ] 127.0.0.1 /index.php?s=/Channel/channelAffiche.html
INFO: [ app_begin ] --START--
INFO: Run Behavior\ReadHtmlCacheBehavior [ RunTime:0.000000s ]
INFO: [ app_begin ] --END-- [ RunTime:0.001000s ]
NOTIC: [2] include(C:\\mobilebook\\adswitch.php): failed to open stream: No such file or directory D:\xampp\htdocs\bookchannel\Application\Admin\Controller\BaseController.class.php 第 67 行.
NOTIC: [2] include(): Failed opening 'C:\\mobilebook\\adswitch.php' for inclusion (include_path='D:\xampp\php\PEAR') D:\xampp\htdocs\bookchannel\Application\Admin\Controller\BaseController.class.php 第 67 行.
ERR: 1146:Table 'acool.jieqi_config' doesn't exist
 [ SQL语句 ] : SHOW COLUMNS FROM `jieqi_config`
ERR: 1146:Table 'acool.jieqi_config' doesn't exist
 [ SQL语句 ] : SELECT * FROM `jieqi_config` 
NOTIC: [2] Invalid argument supplied for foreach() D:\xampp\htdocs\bookchannel\Application\Admin\Controller\BaseController.class.php 第 81 行.
NOTIC: [8] Undefined index: channelAffiche D:\xampp\htdocs\bookchannel\Application\Admin\Common\function.php 第 79 行.
NOTIC: [8] Undefined variable: condition D:\xampp\htdocs\bookchannel\Application\Admin\Controller\ChannelController.class.php 第 1247 行.
INFO: [ view_parse ] --START--
INFO: [ template_filter ] --START--
INFO: Run Behavior\ContentReplaceBehavior [ RunTime:0.001000s ]
INFO: [ template_filter ] --END-- [ RunTime:0.001000s ]
NOTIC: [8] Undefined variable: ischannel D:\xampp\htdocs\bookchannel\Runtime\Cache\Admin\11b3f3d9de0b23f8d3fdd889762c2b94.php 第 78 行.
NOTIC: [8] Undefined variable: upgradeMsg D:\xampp\htdocs\bookchannel\Runtime\Cache\Admin\11b3f3d9de0b23f8d3fdd889762c2b94.php 第 247 行.
INFO: Run Behavior\ParseTemplateBehavior [ RunTime:0.039002s ]
INFO: [ view_parse ] --END-- [ RunTime:0.039002s ]
INFO: [ view_filter ] --START--
INFO: Run Behavior\WriteHtmlCacheBehavior [ RunTime:0.000000s ]
INFO: [ view_filter ] --END-- [ RunTime:0.001000s ]
INFO: [ app_end ] --START--
INFO: Run Behavior\ShowPageTraceBehavior [ RunTime:0.000000s ]
INFO: [ app_end ] --END-- [ RunTime:0.000000s ]

[ 2017-07-29T09:20:17+08:00 ] 127.0.0.1 /index.php?s=/Channel/channelAffiche.html
INFO: [ app_begin ] --START--
INFO: Run Behavior\ReadHtmlCacheBehavior [ RunTime:0.000000s ]
INFO: [ app_begin ] --END-- [ RunTime:0.000000s ]
NOTIC: [2] include(C:\\mobilebook\\adswitch.php): failed to open stream: No such file or directory D:\xampp\htdocs\bookchannel\Application\Admin\Controller\BaseController.class.php 第 67 行.
NOTIC: [2] include(): Failed opening 'C:\\mobilebook\\adswitch.php' for inclusion (include_path='D:\xampp\php\PEAR') D:\xampp\htdocs\bookchannel\Application\Admin\Controller\BaseController.class.php 第 67 行.
ERR: 1146:Table 'acool.jieqi_config' doesn't exist
 [ SQL语句 ] : SHOW COLUMNS FROM `jieqi_config`
ERR: 1146:Table 'acool.jieqi_config' doesn't exist
 [ SQL语句 ] : SELECT * FROM `jieqi_config` 
NOTIC: [2] Invalid argument supplied for foreach() D:\xampp\htdocs\bookchannel\Application\Admin\Controller\BaseController.class.php 第 81 行.
NOTIC: [8] Undefined index: channelAffiche D:\xampp\htdocs\bookchannel\Application\Admin\Common\function.php 第 79 行.
NOTIC: [8] Undefined variable: condition D:\xampp\htdocs\bookchannel\Application\Admin\Controller\ChannelController.class.php 第 1247 行.
INFO: [ view_parse ] --START--
INFO: [ template_filter ] --START--
INFO: Run Behavior\ContentReplaceBehavior [ RunTime:0.000000s ]
INFO: [ template_filter ] --END-- [ RunTime:0.001000s ]
NOTIC: [8] Undefined variable: ischannel D:\xampp\htdocs\bookchannel\Runtime\Cache\Admin\11b3f3d9de0b23f8d3fdd889762c2b94.php 第 78 行.
NOTIC: [8] Undefined variable: upgradeMsg D:\xampp\htdocs\bookchannel\Runtime\Cache\Admin\11b3f3d9de0b23f8d3fdd889762c2b94.php 第 247 行.
INFO: Run Behavior\ParseTemplateBehavior [ RunTime:0.041003s ]
INFO: [ view_parse ] --END-- [ RunTime:0.041003s ]
INFO: [ view_filter ] --START--
INFO: Run Behavior\WriteHtmlCacheBehavior [ RunTime:0.001000s ]
INFO: [ view_filter ] --END-- [ RunTime:0.001000s ]
INFO: [ app_end ] --START--
INFO: Run Behavior\ShowPageTraceBehavior [ RunTime:0.001000s ]
INFO: [ app_end ] --END-- [ RunTime:0.001000s ]

[ 2017-07-29T09:20:22+08:00 ] 127.0.0.1 /index.php?s=/Channel/channelAffiche.html
INFO: [ app_begin ] --START--
INFO: Run Behavior\ReadHtmlCacheBehavior [ RunTime:0.001000s ]
INFO: [ app_begin ] --END-- [ RunTime:0.001000s ]
NOTIC: [2] include(C:\\mobilebook\\adswitch.php): failed to open stream: No such file or directory D:\xampp\htdocs\bookchannel\Application\Admin\Controller\BaseController.class.php 第 67 行.
NOTIC: [2] include(): Failed opening 'C:\\mobilebook\\adswitch.php' for inclusion (include_path='D:\xampp\php\PEAR') D:\xampp\htdocs\bookchannel\Application\Admin\Controller\BaseController.class.php 第 67 行.
ERR: 1146:Table 'acool.jieqi_config' doesn't exist
 [ SQL语句 ] : SHOW COLUMNS FROM `jieqi_config`
ERR: 1146:Table 'acool.jieqi_config' doesn't exist
 [ SQL语句 ] : SELECT * FROM `jieqi_config` 
NOTIC: [2] Invalid argument supplied for foreach() D:\xampp\htdocs\bookchannel\Application\Admin\Controller\BaseController.class.php 第 81 行.
NOTIC: [8] Undefined index: channelAffiche D:\xampp\htdocs\bookchannel\Application\Admin\Common\function.php 第 79 行.
NOTIC: [8] Undefined variable: condition D:\xampp\htdocs\bookchannel\Application\Admin\Controller\ChannelController.class.php 第 1247 行.
INFO: [ view_parse ] --START--
INFO: [ template_filter ] --START--
INFO: Run Behavior\ContentReplaceBehavior [ RunTime:0.000000s ]
INFO: [ template_filter ] --END-- [ RunTime:0.000000s ]
NOTIC: [8] Undefined variable: ischannel D:\xampp\htdocs\bookchannel\Runtime\Cache\Admin\11b3f3d9de0b23f8d3fdd889762c2b94.php 第 78 行.
NOTIC: [8] Undefined variable: upgradeMsg D:\xampp\htdocs\bookchannel\Runtime\Cache\Admin\11b3f3d9de0b23f8d3fdd889762c2b94.php 第 247 行.
INFO: Run Behavior\ParseTemplateBehavior [ RunTime:0.039002s ]
INFO: [ view_parse ] --END-- [ RunTime:0.039002s ]
INFO: [ view_filter ] --START--
INFO: Run Behavior\WriteHtmlCacheBehavior [ RunTime:0.000000s ]
INFO: [ view_filter ] --END-- [ RunTime:0.001000s ]
INFO: [ app_end ] --START--
INFO: Run Behavior\ShowPageTraceBehavior [ RunTime:0.001000s ]
INFO: [ app_end ] --END-- [ RunTime:0.001000s ]

[ 2017-07-29T09:23:43+08:00 ] 127.0.0.1 /index.php?s=/Channel/channelAffiche.html
INFO: [ app_begin ] --START--
INFO: Run Behavior\ReadHtmlCacheBehavior [ RunTime:0.000000s ]
INFO: [ app_begin ] --END-- [ RunTime:0.002000s ]
NOTIC: [2] include(C:\\mobilebook\\adswitch.php): failed to open stream: No such file or directory D:\xampp\htdocs\bookchannel\Application\Admin\Controller\BaseController.class.php 第 67 行.
NOTIC: [2] include(): Failed opening 'C:\\mobilebook\\adswitch.php' for inclusion (include_path='D:\xampp\php\PEAR') D:\xampp\htdocs\bookchannel\Application\Admin\Controller\BaseController.class.php 第 67 行.
ERR: 1146:Table 'acool.jieqi_config' doesn't exist
 [ SQL语句 ] : SHOW COLUMNS FROM `jieqi_config`
ERR: 1146:Table 'acool.jieqi_config' doesn't exist
 [ SQL语句 ] : SELECT * FROM `jieqi_config` 
NOTIC: [2] Invalid argument supplied for foreach() D:\xampp\htdocs\bookchannel\Application\Admin\Controller\BaseController.class.php 第 81 行.
NOTIC: [8] Undefined index: channelAffiche D:\xampp\htdocs\bookchannel\Application\Admin\Common\function.php 第 79 行.
NOTIC: [8] Undefined variable: condition D:\xampp\htdocs\bookchannel\Application\Admin\Controller\ChannelController.class.php 第 1247 行.
INFO: [ view_parse ] --START--
INFO: [ template_filter ] --START--
INFO: Run Behavior\ContentReplaceBehavior [ RunTime:0.001000s ]
INFO: [ template_filter ] --END-- [ RunTime:0.001000s ]
NOTIC: [8] Undefined variable: ischannel D:\xampp\htdocs\bookchannel\Runtime\Cache\Admin\11b3f3d9de0b23f8d3fdd889762c2b94.php 第 78 行.
NOTIC: [8] Undefined variable: upgradeMsg D:\xampp\htdocs\bookchannel\Runtime\Cache\Admin\11b3f3d9de0b23f8d3fdd889762c2b94.php 第 247 行.
INFO: Run Behavior\ParseTemplateBehavior [ RunTime:0.036002s ]
INFO: [ view_parse ] --END-- [ RunTime:0.037002s ]
INFO: [ view_filter ] --START--
INFO: Run Behavior\WriteHtmlCacheBehavior [ RunTime:0.000000s ]
INFO: [ view_filter ] --END-- [ RunTime:0.000000s ]
INFO: [ app_end ] --START--
INFO: Run Behavior\ShowPageTraceBehavior [ RunTime:0.002000s ]
INFO: [ app_end ] --END-- [ RunTime:0.002000s ]

[ 2017-07-29T09:23:50+08:00 ] 127.0.0.1 /index.php?s=/Channel/index.html
INFO: [ app_begin ] --START--
INFO: Run Behavior\ReadHtmlCacheBehavior [ RunTime:0.001000s ]
INFO: [ app_begin ] --END-- [ RunTime:0.001000s ]
NOTIC: [2] include(C:\\mobilebook\\adswitch.php): failed to open stream: No such file or directory D:\xampp\htdocs\bookchannel\Application\Admin\Controller\BaseController.class.php 第 67 行.
NOTIC: [2] include(): Failed opening 'C:\\mobilebook\\adswitch.php' for inclusion (include_path='D:\xampp\php\PEAR') D:\xampp\htdocs\bookchannel\Application\Admin\Controller\BaseController.class.php 第 67 行.
ERR: 1146:Table 'acool.jieqi_config' doesn't exist
 [ SQL语句 ] : SHOW COLUMNS FROM `jieqi_config`
ERR: 1146:Table 'acool.jieqi_config' doesn't exist
 [ SQL语句 ] : SELECT * FROM `jieqi_config` 
NOTIC: [2] Invalid argument supplied for foreach() D:\xampp\htdocs\bookchannel\Application\Admin\Controller\BaseController.class.php 第 81 行.
NOTIC: [8] Undefined index: index D:\xampp\htdocs\bookchannel\Application\Admin\Common\function.php 第 79 行.
NOTIC: [8] Use of undefined constant uid - assumed 'uid' D:\xampp\htdocs\bookchannel\Application\Admin\Controller\ChannelController.class.php 第 40 行.
ERR: 1064:You have an error in your SQL syntax; check the manual that corresponds to your MariaDB server version for the right syntax to use near ') AND `payflag` = 1 GROUP BY buyid' at line 1
 [ SQL语句 ] : SELECT `buyid` FROM `jieqi_distribution_pay_paylog` WHERE `buyid` IN () AND `payflag` = 1 GROUP BY buyid 
INFO: [ view_parse ] --START--
INFO: [ template_filter ] --START--
INFO: Run Behavior\ContentReplaceBehavior [ RunTime:0.001000s ]
INFO: [ template_filter ] --END-- [ RunTime:0.001000s ]
NOTIC: [8] Undefined variable: upgradeMsg D:\xampp\htdocs\bookchannel\Runtime\Cache\Admin\02cafd185cb33fcae223b1104c31c64e.php 第 247 行.
NOTIC: [2] Division by zero D:\xampp\htdocs\bookchannel\Runtime\Cache\Admin\02cafd185cb33fcae223b1104c31c64e.php 第 637 行.
NOTIC: [8] Undefined variable: yesterdaypayCount D:\xampp\htdocs\bookchannel\Runtime\Cache\Admin\02cafd185cb33fcae223b1104c31c64e.php 第 655 行.
NOTIC: [2] Division by zero D:\xampp\htdocs\bookchannel\Runtime\Cache\Admin\02cafd185cb33fcae223b1104c31c64e.php 第 671 行.
NOTIC: [8] Undefined variable: monthpayCount D:\xampp\htdocs\bookchannel\Runtime\Cache\Admin\02cafd185cb33fcae223b1104c31c64e.php 第 688 行.
NOTIC: [2] Division by zero D:\xampp\htdocs\bookchannel\Runtime\Cache\Admin\02cafd185cb33fcae223b1104c31c64e.php 第 705 行.
NOTIC: [8] Undefined variable: sumpayCount D:\xampp\htdocs\bookchannel\Runtime\Cache\Admin\02cafd185cb33fcae223b1104c31c64e.php 第 722 行.
NOTIC: [2] Division by zero D:\xampp\htdocs\bookchannel\Runtime\Cache\Admin\02cafd185cb33fcae223b1104c31c64e.php 第 739 行.
NOTIC: [2] Division by zero D:\xampp\htdocs\bookchannel\Runtime\Cache\Admin\02cafd185cb33fcae223b1104c31c64e.php 第 765 行.
NOTIC: [2] Division by zero D:\xampp\htdocs\bookchannel\Runtime\Cache\Admin\02cafd185cb33fcae223b1104c31c64e.php 第 766 行.
NOTIC: [8] Undefined variable: curDayReader D:\xampp\htdocs\bookchannel\Runtime\Cache\Admin\02cafd185cb33fcae223b1104c31c64e.php 第 770 行.
NOTIC: [8] Undefined variable: curDayFocus D:\xampp\htdocs\bookchannel\Runtime\Cache\Admin\02cafd185cb33fcae223b1104c31c64e.php 第 770 行.
NOTIC: [2] Division by zero D:\xampp\htdocs\bookchannel\Runtime\Cache\Admin\02cafd185cb33fcae223b1104c31c64e.php 第 770 行.
NOTIC: [2] Division by zero D:\xampp\htdocs\bookchannel\Runtime\Cache\Admin\02cafd185cb33fcae223b1104c31c64e.php 第 794 行.
NOTIC: [2] Division by zero D:\xampp\htdocs\bookchannel\Runtime\Cache\Admin\02cafd185cb33fcae223b1104c31c64e.php 第 795 行.
NOTIC: [2] Division by zero D:\xampp\htdocs\bookchannel\Runtime\Cache\Admin\02cafd185cb33fcae223b1104c31c64e.php 第 818 行.
NOTIC: [2] Division by zero D:\xampp\htdocs\bookchannel\Runtime\Cache\Admin\02cafd185cb33fcae223b1104c31c64e.php 第 819 行.
NOTIC: [8] Undefined index: remainmoney D:\xampp\htdocs\bookchannel\Runtime\Cache\Admin\02cafd185cb33fcae223b1104c31c64e.php 第 833 行.
NOTIC: [2] Division by zero D:\xampp\htdocs\bookchannel\Runtime\Cache\Admin\02cafd185cb33fcae223b1104c31c64e.php 第 854 行.
NOTIC: [2] Division by zero D:\xampp\htdocs\bookchannel\Runtime\Cache\Admin\02cafd185cb33fcae223b1104c31c64e.php 第 855 行.
INFO: Run Behavior\ParseTemplateBehavior [ RunTime:0.063004s ]
INFO: [ view_parse ] --END-- [ RunTime:0.064004s ]
INFO: [ view_filter ] --START--
INFO: Run Behavior\WriteHtmlCacheBehavior [ RunTime:0.000000s ]
INFO: [ view_filter ] --END-- [ RunTime:0.000000s ]
INFO: [ app_end ] --START--
INFO: Run Behavior\ShowPageTraceBehavior [ RunTime:0.001000s ]
INFO: [ app_end ] --END-- [ RunTime:0.001000s ]

[ 2017-07-29T09:23:50+08:00 ] 127.0.0.1 /index.php?m=Admin&c=Channel&a=ajaxChannelList&p=1
INFO: [ app_begin ] --START--
INFO: Run Behavior\ReadHtmlCacheBehavior [ RunTime:0.000000s ]
INFO: [ app_begin ] --END-- [ RunTime:0.001000s ]
NOTIC: [2] include(C:\\mobilebook\\adswitch.php): failed to open stream: No such file or directory D:\xampp\htdocs\bookchannel\Application\Admin\Controller\BaseController.class.php 第 67 行.
NOTIC: [2] include(): Failed opening 'C:\\mobilebook\\adswitch.php' for inclusion (include_path='D:\xampp\php\PEAR') D:\xampp\htdocs\bookchannel\Application\Admin\Controller\BaseController.class.php 第 67 行.
ERR: 1146:Table 'acool.jieqi_config' doesn't exist
 [ SQL语句 ] : SHOW COLUMNS FROM `jieqi_config`
ERR: 1146:Table 'acool.jieqi_config' doesn't exist
 [ SQL语句 ] : SELECT * FROM `jieqi_config` 
NOTIC: [2] Invalid argument supplied for foreach() D:\xampp\htdocs\bookchannel\Application\Admin\Controller\BaseController.class.php 第 81 行.
NOTIC: [8] Undefined index: ajaxChannelList D:\xampp\htdocs\bookchannel\Application\Admin\Common\function.php 第 79 行.
INFO: [ view_parse ] --START--
INFO: [ template_filter ] --START--
INFO: Run Behavior\ContentReplaceBehavior [ RunTime:0.000000s ]
INFO: [ template_filter ] --END-- [ RunTime:0.000000s ]
NOTIC: [8] Undefined index: daysumpay D:\xampp\htdocs\bookchannel\Runtime\Cache\Admin\06dca19fe6b255cf3c0dbb86d3adc5f5.php 第 88 行.
INFO: Run Behavior\ParseTemplateBehavior [ RunTime:0.019002s ]
INFO: [ view_parse ] --END-- [ RunTime:0.020002s ]
INFO: [ view_filter ] --START--
INFO: Run Behavior\WriteHtmlCacheBehavior [ RunTime:0.001000s ]
INFO: [ view_filter ] --END-- [ RunTime:0.001000s ]
INFO: [ app_end ] --START--
INFO: Run Behavior\ShowPageTraceBehavior [ RunTime:0.000000s ]
INFO: [ app_end ] --END-- [ RunTime:0.000000s ]

[ 2017-07-29T09:26:03+08:00 ] 127.0.0.1 /index.php?s=/Affiche/affDetail/id/11.html
INFO: [ app_begin ] --START--
INFO: Run Behavior\ReadHtmlCacheBehavior [ RunTime:0.001000s ]
INFO: [ app_begin ] --END-- [ RunTime:0.001000s ]
INFO: [ view_parse ] --START--
INFO: [ template_filter ] --START--
INFO: Run Behavior\ContentReplaceBehavior [ RunTime:0.001000s ]
INFO: [ template_filter ] --END-- [ RunTime:0.001000s ]
NOTIC: [8] Undefined variable: web_name D:\xampp\htdocs\bookchannel\Runtime\Cache\Admin\ffc508a009438016148b231bebc8b8eb.php 第 6 行.
NOTIC: [8] Undefined variable: navigate_admin D:\xampp\htdocs\bookchannel\Runtime\Cache\Admin\ffc508a009438016148b231bebc8b8eb.php 第 121 行.
INFO: Run Behavior\ParseTemplateBehavior [ RunTime:0.025002s ]
INFO: [ view_parse ] --END-- [ RunTime:0.025002s ]
INFO: [ view_filter ] --START--
INFO: Run Behavior\WriteHtmlCacheBehavior [ RunTime:0.000000s ]
INFO: [ view_filter ] --END-- [ RunTime:0.000000s ]
INFO: [ app_end ] --START--
INFO: Run Behavior\ShowPageTraceBehavior [ RunTime:0.000000s ]
INFO: [ app_end ] --END-- [ RunTime:0.001000s ]

[ 2017-07-29T09:26:08+08:00 ] 127.0.0.1 /index.php?s=/Channel/channelAffiche.html
INFO: [ app_begin ] --START--
INFO: Run Behavior\ReadHtmlCacheBehavior [ RunTime:0.000000s ]
INFO: [ app_begin ] --END-- [ RunTime:0.001001s ]
NOTIC: [2] include(C:\\mobilebook\\adswitch.php): failed to open stream: No such file or directory D:\xampp\htdocs\bookchannel\Application\Admin\Controller\BaseController.class.php 第 67 行.
NOTIC: [2] include(): Failed opening 'C:\\mobilebook\\adswitch.php' for inclusion (include_path='D:\xampp\php\PEAR') D:\xampp\htdocs\bookchannel\Application\Admin\Controller\BaseController.class.php 第 67 行.
ERR: 1146:Table 'acool.jieqi_config' doesn't exist
 [ SQL语句 ] : SHOW COLUMNS FROM `jieqi_config`
ERR: 1146:Table 'acool.jieqi_config' doesn't exist
 [ SQL语句 ] : SELECT * FROM `jieqi_config` 
NOTIC: [2] Invalid argument supplied for foreach() D:\xampp\htdocs\bookchannel\Application\Admin\Controller\BaseController.class.php 第 81 行.
NOTIC: [8] Undefined index: channelAffiche D:\xampp\htdocs\bookchannel\Application\Admin\Common\function.php 第 79 行.
NOTIC: [8] Undefined variable: condition D:\xampp\htdocs\bookchannel\Application\Admin\Controller\ChannelController.class.php 第 1247 行.
INFO: [ view_parse ] --START--
INFO: [ template_filter ] --START--
INFO: Run Behavior\ContentReplaceBehavior [ RunTime:0.000000s ]
INFO: [ template_filter ] --END-- [ RunTime:0.001000s ]
NOTIC: [8] Undefined variable: ischannel D:\xampp\htdocs\bookchannel\Runtime\Cache\Admin\11b3f3d9de0b23f8d3fdd889762c2b94.php 第 78 行.
NOTIC: [8] Undefined variable: upgradeMsg D:\xampp\htdocs\bookchannel\Runtime\Cache\Admin\11b3f3d9de0b23f8d3fdd889762c2b94.php 第 247 行.
INFO: Run Behavior\ParseTemplateBehavior [ RunTime:0.038002s ]
INFO: [ view_parse ] --END-- [ RunTime:0.038002s ]
INFO: [ view_filter ] --START--
INFO: Run Behavior\WriteHtmlCacheBehavior [ RunTime:0.000000s ]
INFO: [ view_filter ] --END-- [ RunTime:0.001000s ]
INFO: [ app_end ] --START--
INFO: Run Behavior\ShowPageTraceBehavior [ RunTime:0.001000s ]
INFO: [ app_end ] --END-- [ RunTime:0.001000s ]

[ 2017-07-29T09:26:09+08:00 ] 127.0.0.1 /index.php?s=/Affiche/affDetail/id/14.html
INFO: [ app_begin ] --START--
INFO: Run Behavior\ReadHtmlCacheBehavior [ RunTime:0.001001s ]
INFO: [ app_begin ] --END-- [ RunTime:0.001001s ]
INFO: [ view_parse ] --START--
INFO: [ template_filter ] --START--
INFO: Run Behavior\ContentReplaceBehavior [ RunTime:0.000000s ]
INFO: [ template_filter ] --END-- [ RunTime:0.000000s ]
NOTIC: [8] Undefined variable: web_name D:\xampp\htdocs\bookchannel\Runtime\Cache\Admin\ffc508a009438016148b231bebc8b8eb.php 第 6 行.
NOTIC: [8] Undefined variable: navigate_admin D:\xampp\htdocs\bookchannel\Runtime\Cache\Admin\ffc508a009438016148b231bebc8b8eb.php 第 121 行.
INFO: Run Behavior\ParseTemplateBehavior [ RunTime:0.015001s ]
INFO: [ view_parse ] --END-- [ RunTime:0.015001s ]
INFO: [ view_filter ] --START--
INFO: Run Behavior\WriteHtmlCacheBehavior [ RunTime:0.000000s ]
INFO: [ view_filter ] --END-- [ RunTime:0.000000s ]
INFO: [ app_end ] --START--
INFO: Run Behavior\ShowPageTraceBehavior [ RunTime:0.001000s ]
INFO: [ app_end ] --END-- [ RunTime:0.001000s ]

[ 2017-07-29T09:26:15+08:00 ] 127.0.0.1 /index.php?s=/BookSale/promotionList.html
INFO: [ app_begin ] --START--
INFO: Run Behavior\ReadHtmlCacheBehavior [ RunTime:0.001000s ]
INFO: [ app_begin ] --END-- [ RunTime:0.001000s ]
NOTIC: [2] include(C:\\mobilebook\\adswitch.php): failed to open stream: No such file or directory D:\xampp\htdocs\bookchannel\Application\Admin\Controller\BaseController.class.php 第 67 行.
NOTIC: [2] include(): Failed opening 'C:\\mobilebook\\adswitch.php' for inclusion (include_path='D:\xampp\php\PEAR') D:\xampp\htdocs\bookchannel\Application\Admin\Controller\BaseController.class.php 第 67 行.
ERR: 1146:Table 'acool.jieqi_config' doesn't exist
 [ SQL语句 ] : SHOW COLUMNS FROM `jieqi_config`
ERR: 1146:Table 'acool.jieqi_config' doesn't exist
 [ SQL语句 ] : SELECT * FROM `jieqi_config` 
NOTIC: [2] Invalid argument supplied for foreach() D:\xampp\htdocs\bookchannel\Application\Admin\Controller\BaseController.class.php 第 81 行.
NOTIC: [8] Undefined index: booksale D:\xampp\htdocs\bookchannel\Application\Admin\Common\function.php 第 78 行.
NOTIC: [8] Undefined index: booksale D:\xampp\htdocs\bookchannel\Application\Admin\Common\function.php 第 79 行.
INFO: [ view_parse ] --START--
INFO: [ template_filter ] --START--
INFO: Run Behavior\ContentReplaceBehavior [ RunTime:0.000000s ]
INFO: [ template_filter ] --END-- [ RunTime:0.000000s ]
NOTIC: [8] Undefined variable: ischannel D:\xampp\htdocs\bookchannel\Runtime\Cache\Admin\7457625b204b7905d6e2b2f77aaebcc3.php 第 78 行.
NOTIC: [8] Undefined variable: upgradeMsg D:\xampp\htdocs\bookchannel\Runtime\Cache\Admin\7457625b204b7905d6e2b2f77aaebcc3.php 第 247 行.
NOTIC: [8] Undefined variable: page D:\xampp\htdocs\bookchannel\Runtime\Cache\Admin\7457625b204b7905d6e2b2f77aaebcc3.php 第 743 行.
INFO: Run Behavior\ParseTemplateBehavior [ RunTime:0.045002s ]
INFO: [ view_parse ] --END-- [ RunTime:0.047002s ]
INFO: [ view_filter ] --START--
INFO: Run Behavior\WriteHtmlCacheBehavior [ RunTime:0.000000s ]
INFO: [ view_filter ] --END-- [ RunTime:0.000000s ]
INFO: [ app_end ] --START--
INFO: Run Behavior\ShowPageTraceBehavior [ RunTime:0.000000s ]
INFO: [ app_end ] --END-- [ RunTime:0.001000s ]

[ 2017-07-29T09:26:17+08:00 ] 127.0.0.1 /index.php?s=/Channel/commonUrl.html
INFO: [ app_begin ] --START--
INFO: Run Behavior\ReadHtmlCacheBehavior [ RunTime:0.000000s ]
INFO: [ app_begin ] --END-- [ RunTime:0.001000s ]
NOTIC: [2] include(C:\\mobilebook\\adswitch.php): failed to open stream: No such file or directory D:\xampp\htdocs\bookchannel\Application\Admin\Controller\BaseController.class.php 第 67 行.
NOTIC: [2] include(): Failed opening 'C:\\mobilebook\\adswitch.php' for inclusion (include_path='D:\xampp\php\PEAR') D:\xampp\htdocs\bookchannel\Application\Admin\Controller\BaseController.class.php 第 67 行.
ERR: 1146:Table 'acool.jieqi_config' doesn't exist
 [ SQL语句 ] : SHOW COLUMNS FROM `jieqi_config`
ERR: 1146:Table 'acool.jieqi_config' doesn't exist
 [ SQL语句 ] : SELECT * FROM `jieqi_config` 
NOTIC: [2] Invalid argument supplied for foreach() D:\xampp\htdocs\bookchannel\Application\Admin\Controller\BaseController.class.php 第 81 行.
NOTIC: [8] Undefined index: commonUrl D:\xampp\htdocs\bookchannel\Application\Admin\Common\function.php 第 79 行.
INFO: [ view_parse ] --START--
INFO: [ template_filter ] --START--
INFO: Run Behavior\ContentReplaceBehavior [ RunTime:0.001000s ]
INFO: [ template_filter ] --END-- [ RunTime:0.001000s ]
NOTIC: [8] Undefined variable: ischannel D:\xampp\htdocs\bookchannel\Runtime\Cache\Admin\5848133f0c63cb7c6c1f6026e075a8a4.php 第 78 行.
NOTIC: [8] Undefined variable: upgradeMsg D:\xampp\htdocs\bookchannel\Runtime\Cache\Admin\5848133f0c63cb7c6c1f6026e075a8a4.php 第 247 行.
NOTIC: [8] Undefined variable: ischannel D:\xampp\htdocs\bookchannel\Runtime\Cache\Admin\5848133f0c63cb7c6c1f6026e075a8a4.php 第 593 行.
NOTIC: [8] Undefined variable: ischannel D:\xampp\htdocs\bookchannel\Runtime\Cache\Admin\5848133f0c63cb7c6c1f6026e075a8a4.php 第 620 行.
INFO: Run Behavior\ParseTemplateBehavior [ RunTime:0.036002s ]
INFO: [ view_parse ] --END-- [ RunTime:0.037002s ]
INFO: [ view_filter ] --START--
INFO: Run Behavior\WriteHtmlCacheBehavior [ RunTime:0.000000s ]
INFO: [ view_filter ] --END-- [ RunTime:0.000000s ]
INFO: [ app_end ] --START--
INFO: Run Behavior\ShowPageTraceBehavior [ RunTime:0.001000s ]
INFO: [ app_end ] --END-- [ RunTime:0.001000s ]

[ 2017-07-29T09:26:23+08:00 ] 127.0.0.1 /Channel/remainMoney/channelid/119/issum/1.html
INFO: [ app_begin ] --START--
INFO: Run Behavior\ReadHtmlCacheBehavior [ RunTime:0.001000s ]
INFO: [ app_begin ] --END-- [ RunTime:0.001000s ]
NOTIC: [2] include(C:\\mobilebook\\adswitch.php): failed to open stream: No such file or directory D:\xampp\htdocs\bookchannel\Application\Admin\Controller\BaseController.class.php 第 67 行.
NOTIC: [2] include(): Failed opening 'C:\\mobilebook\\adswitch.php' for inclusion (include_path='D:\xampp\php\PEAR') D:\xampp\htdocs\bookchannel\Application\Admin\Controller\BaseController.class.php 第 67 行.
ERR: 1146:Table 'acool.jieqi_config' doesn't exist
 [ SQL语句 ] : SHOW COLUMNS FROM `jieqi_config`
ERR: 1146:Table 'acool.jieqi_config' doesn't exist
 [ SQL语句 ] : SELECT * FROM `jieqi_config` 
NOTIC: [2] Invalid argument supplied for foreach() D:\xampp\htdocs\bookchannel\Application\Admin\Controller\BaseController.class.php 第 81 行.
NOTIC: [8] Undefined index: remainMoney D:\xampp\htdocs\bookchannel\Application\Admin\Common\function.php 第 79 行.
INFO: [ view_parse ] --START--
INFO: [ template_filter ] --START--
INFO: Run Behavior\ContentReplaceBehavior [ RunTime:0.000000s ]
INFO: [ template_filter ] --END-- [ RunTime:0.000000s ]
NOTIC: [8] Undefined variable: upgradeMsg D:\xampp\htdocs\bookchannel\Runtime\Cache\Admin\e4a3d0efb3dab482a850d94ed97fd31b.php 第 247 行.
INFO: Run Behavior\ParseTemplateBehavior [ RunTime:0.063003s ]
INFO: [ view_parse ] --END-- [ RunTime:0.065003s ]
INFO: [ view_filter ] --START--
INFO: Run Behavior\WriteHtmlCacheBehavior [ RunTime:0.000000s ]
INFO: [ view_filter ] --END-- [ RunTime:0.000000s ]
INFO: [ app_end ] --START--
INFO: Run Behavior\ShowPageTraceBehavior [ RunTime:0.000000s ]
INFO: [ app_end ] --END-- [ RunTime:0.001000s ]

